#
# There is insufficient memory for the Java Runtime Environment to continue.
# Native memory allocation (malloc) failed to allocate 1972976 bytes. Error detail: Chunk::new
# Possible reasons:
#   The system is out of physical RAM or swap space
#   This process is running with CompressedOops enabled, and the Java Heap may be blocking the growth of the native heap
# Possible solutions:
#   Reduce memory load on the system
#   Increase physical memory or swap space
#   Check if swap backing store is full
#   Decrease Java heap size (-Xmx/-Xms)
#   Decrease number of Java threads
#   Decrease Java thread stack sizes (-Xss)
#   Set larger code cache with -XX:ReservedCodeCacheSize=
#   JVM is running with Unscaled Compressed Oops mode in which the Java heap is
#     placed in the first 4GB address space. The Java Heap base address is the
#     maximum limit for the native heap growth. Please use -XX:HeapBaseMinAddress
#     to set the Java Heap base and to place the Java Heap above 4GB virtual address.
# This output file may be truncated or incomplete.
#
#  Out of Memory Error (arena.cpp:191), pid=20416, tid=23096
#
# JRE version: OpenJDK Runtime Environment JBR-17.0.14+1-1367.22-nomod (17.0.14+1) (build 17.0.14+1-b1367.22)
# Java VM: OpenJDK 64-Bit Server VM JBR-17.0.14+1-1367.22-nomod (17.0.14+1-b1367.22, mixed mode, sharing, tiered, compressed oops, compressed class ptrs, g1 gc, windows-amd64)
# No core dump will be written. Minidumps are not enabled by default on client versions of Windows
#

---------------  S U M M A R Y ------------

Command Line: --add-opens=java.base/java.util=ALL-UNNAMED --add-opens=java.base/java.lang=ALL-UNNAMED --add-opens=java.base/java.lang.invoke=ALL-UNNAMED --add-opens=java.prefs/java.util.prefs=ALL-UNNAMED --add-opens=java.base/java.nio.charset=ALL-UNNAMED --add-opens=java.base/java.net=ALL-UNNAMED --add-opens=java.base/java.util.concurrent.atomic=ALL-UNNAMED -Xmx2048m -Dfile.encoding=UTF-8 -Duser.country=ID -Duser.language=en -Duser.variant -javaagent:C:\Users\Windows\.gradle\wrapper\dists\gradle-8.4-bin\1w5dpkrfk8irigvoxmyhowfim\gradle-8.4\lib\agents\gradle-instrumentation-agent-8.4.jar org.gradle.launcher.daemon.bootstrap.GradleDaemon 8.4

Host: AMD Ryzen 3 7320U with Radeon Graphics         , 8 cores, 5G,  Windows 11 , 64 bit Build 26100 (10.0.26100.4768)
Time: Fri Sep  5 13:27:29 2025 SE Asia Standard Time elapsed time: 34.792215 seconds (0d 0h 0m 34s)

---------------  T H R E A D  ---------------

Current thread (0x000001f59f062a70):  JavaThread "C2 CompilerThread0" daemon [_thread_in_native, id=23096, stack(0x0000004856f00000,0x0000004857000000)]


Current CompileTask:
C2:  34793 7124       4       org.objectweb.asm.Frame::execute (2318 bytes)

Stack: [0x0000004856f00000,0x0000004857000000]
Native frames: (J=compiled Java code, j=interpreted, Vv=VM code, C=native code)
V  [jvm.dll+0x68b969]
V  [jvm.dll+0x84572a]
V  [jvm.dll+0x8473ae]
V  [jvm.dll+0x847a13]
V  [jvm.dll+0x24a83f]
V  [jvm.dll+0xaca04]
V  [jvm.dll+0xad04c]  Arena::grow+0x3c  (arena.cpp:352)
V  [jvm.dll+0x36af12]  PhaseIFG::init+0xa2  (ifg.cpp:50)
V  [jvm.dll+0x3352ca]  PhaseCFG::global_code_motion+0x44a  (gcm.cpp:1591)
V  [jvm.dll+0x33476a]  PhaseCFG::do_global_code_motion+0x3a  (gcm.cpp:1658)
V  [jvm.dll+0x21c231]  Compile::Code_Gen+0x261  (compile.cpp:2738)
V  [jvm.dll+0x21b671]  Compile::Compile+0xe61  (compile.cpp:836)
V  [jvm.dll+0x1a6acd]  C2Compiler::compile_method+0xad  (c2compiler.cpp:112)
V  [jvm.dll+0x22b58e]  CompileBroker::invoke_compiler_on_method+0x82e  (compileBroker.cpp:2366)
V  [jvm.dll+0x2296d5]  CompileBroker::compiler_thread_loop+0x405  (compileBroker.cpp:2027)
V  [jvm.dll+0x7f9637]  JavaThread::run+0x147  (thread.cpp:1299)
V  [jvm.dll+0x7f3a1c]  Thread::call_run+0x8c  (thread.cpp:405)
V  [jvm.dll+0x68a7c7]  thread_native_entry+0x77  (os_windows.cpp:551)
C  [ucrtbase.dll+0x37b0]
C  [KERNEL32.DLL+0x2e8d7]
C  [ntdll.dll+0x3c34c]


---------------  P R O C E S S  ---------------

Threads class SMR info:
_java_thread_list=0x000001f5e8221c60, length=52, elements={
0x000001f5838be350, 0x000001f59f04e480, 0x000001f59f052f70, 0x000001f59f05e140,
0x000001f59f05ec10, 0x000001f59f0614f0, 0x000001f59f061dc0, 0x000001f59f062a70,
0x000001f59f078950, 0x000001f59f07da50, 0x000001f59f03a610, 0x000001f59fc7e7c0,
0x000001f5e5fe1150, 0x000001f5e66bc090, 0x000001f5e61f1820, 0x000001f59fccf820,
0x000001f59fdea330, 0x000001f5e5fdda90, 0x000001f5e5fdb720, 0x000001f5e5fddfa0,
0x000001f5e5fda7f0, 0x000001f5e5fdbc30, 0x000001f5e5fdc140, 0x000001f5e5fdad00,
0x000001f5e5fdcb60, 0x000001f5e5fdc650, 0x000001f5e5fdd580, 0x000001f5e5fdb210,
0x000001f5e6ae8910, 0x000001f5e6ae7ef0, 0x000001f5e6ae8400, 0x000001f5e6ae6ab0,
0x000001f5e6ae8e20, 0x000001f5e6ae9330, 0x000001f5e6ae74d0, 0x000001f5e6ae9d50,
0x000001f5e6ae65a0, 0x000001f5e6ae79e0, 0x000001f5e6aea260, 0x000001f5e6aea770,
0x000001f5e6ae6fc0, 0x000001f5e6aeac80, 0x000001f5e6aeb6a0, 0x000001f5e6aebbb0,
0x000001f5e6aec0c0, 0x000001f5e6aec5d0, 0x000001f5e6aecae0, 0x000001f5e6aecff0,
0x000001f5e6aed500, 0x000001f5e712e8f0, 0x000001f5e7130c60, 0x000001f5e75377c0
}

Java Threads: ( => current thread )
  0x000001f5838be350 JavaThread "main" [_thread_blocked, id=26584, stack(0x0000004856200000,0x0000004856300000)]
  0x000001f59f04e480 JavaThread "Reference Handler" daemon [_thread_blocked, id=12040, stack(0x0000004856900000,0x0000004856a00000)]
  0x000001f59f052f70 JavaThread "Finalizer" daemon [_thread_blocked, id=5368, stack(0x0000004856a00000,0x0000004856b00000)]
  0x000001f59f05e140 JavaThread "Signal Dispatcher" daemon [_thread_blocked, id=16532, stack(0x0000004856b00000,0x0000004856c00000)]
  0x000001f59f05ec10 JavaThread "Attach Listener" daemon [_thread_blocked, id=4568, stack(0x0000004856c00000,0x0000004856d00000)]
  0x000001f59f0614f0 JavaThread "Service Thread" daemon [_thread_blocked, id=22296, stack(0x0000004856d00000,0x0000004856e00000)]
  0x000001f59f061dc0 JavaThread "Monitor Deflation Thread" daemon [_thread_blocked, id=27056, stack(0x0000004856e00000,0x0000004856f00000)]
=>0x000001f59f062a70 JavaThread "C2 CompilerThread0" daemon [_thread_in_native, id=23096, stack(0x0000004856f00000,0x0000004857000000)]
  0x000001f59f078950 JavaThread "C1 CompilerThread0" daemon [_thread_blocked, id=11252, stack(0x0000004857000000,0x0000004857100000)]
  0x000001f59f07da50 JavaThread "Sweeper thread" daemon [_thread_blocked, id=23176, stack(0x0000004857100000,0x0000004857200000)]
  0x000001f59f03a610 JavaThread "Common-Cleaner" daemon [_thread_blocked, id=5388, stack(0x0000004857200000,0x0000004857300000)]
  0x000001f59fc7e7c0 JavaThread "Notification Thread" daemon [_thread_blocked, id=25100, stack(0x0000004857300000,0x0000004857400000)]
  0x000001f5e5fe1150 JavaThread "Daemon health stats" [_thread_blocked, id=11076, stack(0x0000004857900000,0x0000004857a00000)]
  0x000001f5e66bc090 JavaThread "Incoming local TCP Connector on port 57262" [_thread_in_native, id=4312, stack(0x0000004857a00000,0x0000004857b00000)]
  0x000001f5e61f1820 JavaThread "Daemon periodic checks" [_thread_blocked, id=12256, stack(0x0000004857b00000,0x0000004857c00000)]
  0x000001f59fccf820 JavaThread "Daemon" [_thread_blocked, id=20952, stack(0x0000004857c00000,0x0000004857d00000)]
  0x000001f59fdea330 JavaThread "Handler for socket connection from /127.0.0.1:57262 to /127.0.0.1:57263" [_thread_in_native, id=21996, stack(0x0000004857d00000,0x0000004857e00000)]
  0x000001f5e5fdda90 JavaThread "Cancel handler" [_thread_blocked, id=19552, stack(0x0000004857e00000,0x0000004857f00000)]
  0x000001f5e5fdb720 JavaThread "Daemon worker" [_thread_in_vm, id=9052, stack(0x0000004857f00000,0x0000004858000000)]
  0x000001f5e5fddfa0 JavaThread "Asynchronous log dispatcher for DefaultDaemonConnection: socket connection from /127.0.0.1:57262 to /127.0.0.1:57263" [_thread_blocked, id=27492, stack(0x0000004858000000,0x0000004858100000)]
  0x000001f5e5fda7f0 JavaThread "Stdin handler" [_thread_blocked, id=7228, stack(0x0000004858100000,0x0000004858200000)]
  0x000001f5e5fdbc30 JavaThread "Daemon client event forwarder" [_thread_blocked, id=18408, stack(0x0000004858200000,0x0000004858300000)]
  0x000001f5e5fdc140 JavaThread "Cache worker for journal cache (C:\Users\Windows\.gradle\caches\journal-1)" [_thread_blocked, id=20044, stack(0x0000004858600000,0x0000004858700000)]
  0x000001f5e5fdad00 JavaThread "File lock request listener" [_thread_in_native, id=26560, stack(0x0000004858700000,0x0000004858800000)]
  0x000001f5e5fdcb60 JavaThread "Cache worker for file hash cache (C:\Users\Windows\.gradle\caches\8.4\fileHashes)" [_thread_blocked, id=27060, stack(0x0000004858800000,0x0000004858900000)]
  0x000001f5e5fdc650 JavaThread "File watcher server" daemon [_thread_in_native, id=10684, stack(0x0000004858900000,0x0000004858a00000)]
  0x000001f5e5fdd580 JavaThread "File watcher consumer" daemon [_thread_blocked, id=8872, stack(0x0000004858a00000,0x0000004858b00000)]
  0x000001f5e5fdb210 JavaThread "Cache worker for checksums cache (C:\Users\Windows\StudioProjects\To_Do_List\.gradle\8.4\checksums)" [_thread_blocked, id=25568, stack(0x0000004858c00000,0x0000004858d00000)]
  0x000001f5e6ae8910 JavaThread "Cache worker for file hash cache (C:\Users\Windows\StudioProjects\To_Do_List\.gradle\8.4\fileHashes)" [_thread_blocked, id=26008, stack(0x0000004858d00000,0x0000004858e00000)]
  0x000001f5e6ae7ef0 JavaThread "Cache worker for cache directory md-supplier (C:\Users\Windows\.gradle\caches\8.4\md-supplier)" [_thread_blocked, id=15292, stack(0x0000004858e00000,0x0000004858f00000)]
  0x000001f5e6ae8400 JavaThread "Cache worker for file content cache (C:\Users\Windows\.gradle\caches\8.4\fileContent)" [_thread_blocked, id=21272, stack(0x0000004858f00000,0x0000004859000000)]
  0x000001f5e6ae6ab0 JavaThread "Cache worker for cache directory md-rule (C:\Users\Windows\.gradle\caches\8.4\md-rule)" [_thread_blocked, id=13616, stack(0x0000004859000000,0x0000004859100000)]
  0x000001f5e6ae8e20 JavaThread "Cache worker for execution history cache (C:\Users\Windows\.gradle\caches\8.4\executionHistory)" [_thread_blocked, id=26580, stack(0x0000004859100000,0x0000004859200000)]
  0x000001f5e6ae9330 JavaThread "jar transforms" [_thread_blocked, id=7884, stack(0x0000004859300000,0x0000004859400000)]
  0x000001f5e6ae74d0 JavaThread "jar transforms Thread 2" [_thread_blocked, id=10356, stack(0x0000004859400000,0x0000004859500000)]
  0x000001f5e6ae9d50 JavaThread "jar transforms Thread 3" [_thread_blocked, id=26712, stack(0x0000004859500000,0x0000004859600000)]
  0x000001f5e6ae65a0 JavaThread "jar transforms Thread 4" [_thread_blocked, id=11016, stack(0x0000004859200000,0x0000004859300000)]
  0x000001f5e6ae79e0 JavaThread "jar transforms Thread 5" [_thread_blocked, id=7020, stack(0x0000004859600000,0x0000004859700000)]
  0x000001f5e6aea260 JavaThread "jar transforms Thread 6" [_thread_blocked, id=13572, stack(0x0000004859700000,0x0000004859800000)]
  0x000001f5e6aea770 JavaThread "jar transforms Thread 7" [_thread_blocked, id=22376, stack(0x0000004859800000,0x0000004859900000)]
  0x000001f5e6ae6fc0 JavaThread "jar transforms Thread 8" [_thread_blocked, id=4556, stack(0x0000004859900000,0x0000004859a00000)]
  0x000001f5e6aeac80 JavaThread "Cache worker for dependencies-accessors (C:\Users\Windows\StudioProjects\To_Do_List\.gradle\8.4\dependencies-accessors)" [_thread_blocked, id=26992, stack(0x0000004859b00000,0x0000004859c00000)]
  0x000001f5e6aeb6a0 JavaThread "Cache worker for Build Output Cleanup Cache (C:\Users\Windows\StudioProjects\To_Do_List\.gradle\buildOutputCleanup)" [_thread_blocked, id=7528, stack(0x0000004859d00000,0x0000004859e00000)]
  0x000001f5e6aebbb0 JavaThread "Unconstrained build operations" [_thread_blocked, id=26224, stack(0x0000004859a00000,0x0000004859b00000)]
  0x000001f5e6aec0c0 JavaThread "Unconstrained build operations Thread 2" [_thread_blocked, id=18668, stack(0x0000004859e00000,0x0000004859f00000)]
  0x000001f5e6aec5d0 JavaThread "Unconstrained build operations Thread 3" [_thread_blocked, id=20944, stack(0x0000004859f00000,0x000000485a000000)]
  0x000001f5e6aecae0 JavaThread "Unconstrained build operations Thread 4" [_thread_blocked, id=13592, stack(0x000000485a000000,0x000000485a100000)]
  0x000001f5e6aecff0 JavaThread "Unconstrained build operations Thread 5" [_thread_blocked, id=15604, stack(0x000000485a100000,0x000000485a200000)]
  0x000001f5e6aed500 JavaThread "Unconstrained build operations Thread 6" [_thread_blocked, id=7648, stack(0x000000485a200000,0x000000485a300000)]
  0x000001f5e712e8f0 JavaThread "Unconstrained build operations Thread 7" [_thread_blocked, id=1080, stack(0x000000485a300000,0x000000485a400000)]
  0x000001f5e7130c60 JavaThread "build event listener" [_thread_blocked, id=24360, stack(0x000000485a500000,0x000000485a600000)]
  0x000001f5e75377c0 JavaThread "C2 CompilerThread1" daemon [_thread_in_native, id=23736, stack(0x000000485a400000,0x000000485a500000)]

Other Threads:
  0x000001f59f049360 VMThread "VM Thread" [stack: 0x0000004856800000,0x0000004856900000] [id=21124]
  0x000001f5838bf0e0 WatcherThread [stack: 0x0000004857400000,0x0000004857500000] [id=27612]
  0x000001f58391a1d0 GCTaskThread "GC Thread#0" [stack: 0x0000004856300000,0x0000004856400000] [id=24064]
  0x000001f5e575a020 GCTaskThread "GC Thread#1" [stack: 0x0000004857500000,0x0000004857600000] [id=5932]
  0x000001f5e55580e0 GCTaskThread "GC Thread#2" [stack: 0x0000004857600000,0x0000004857700000] [id=27624]
  0x000001f5e56dbe00 GCTaskThread "GC Thread#3" [stack: 0x0000004857700000,0x0000004857800000] [id=720]
  0x000001f5e56dc0c0 GCTaskThread "GC Thread#4" [stack: 0x0000004857800000,0x0000004857900000] [id=22264]
  0x000001f59fbde8b0 GCTaskThread "GC Thread#5" [stack: 0x0000004858300000,0x0000004858400000] [id=22236]
  0x000001f59fbdf930 GCTaskThread "GC Thread#6" [stack: 0x0000004858400000,0x0000004858500000] [id=10796]
  0x000001f59fbde070 GCTaskThread "GC Thread#7" [stack: 0x0000004858500000,0x0000004858600000] [id=27560]
  0x000001f58392bda0 ConcurrentGCThread "G1 Main Marker" [stack: 0x0000004856400000,0x0000004856500000] [id=24612]
  0x000001f58392e590 ConcurrentGCThread "G1 Conc#0" [stack: 0x0000004856500000,0x0000004856600000] [id=24440]
  0x000001f59fbdfbf0 ConcurrentGCThread "G1 Conc#1" [stack: 0x0000004858b00000,0x0000004858c00000] [id=24056]
  0x000001f58394ea70 ConcurrentGCThread "G1 Refine#0" [stack: 0x0000004856600000,0x0000004856700000] [id=12820]
  0x000001f59ef043a0 ConcurrentGCThread "G1 Service" [stack: 0x0000004856700000,0x0000004856800000] [id=4528]

Threads with active compile tasks:
C2 CompilerThread0    63553 7124       4       org.objectweb.asm.Frame::execute (2318 bytes)
C2 CompilerThread1    63553 7134       4       org.objectweb.asm.MethodWriter::computeAllFrames (510 bytes)

VM state: not at safepoint (normal execution)

VM Mutex/Monitor currently owned by a thread: None

Heap address: 0x0000000080000000, size: 2048 MB, Compressed Oops mode: 32-bit

CDS archive(s) mapped at: [0x000001f5a0000000-0x000001f5a0c00000-0x000001f5a0c00000), size 12582912, SharedBaseAddress: 0x000001f5a0000000, ArchiveRelocationMode: 1.
Compressed class space mapped at: 0x000001f5a1000000-0x000001f5e1000000, reserved size: 1073741824
Narrow klass base: 0x000001f5a0000000, Narrow klass shift: 0, Narrow klass range: 0x100000000

GC Precious Log:
 CPUs: 8 total, 8 available
 Memory: 5965M
 Large Page Support: Disabled
 NUMA Support: Disabled
 Compressed Oops: Enabled (32-bit)
 Heap Region Size: 1M
 Heap Min Capacity: 8M
 Heap Initial Capacity: 94M
 Heap Max Capacity: 2G
 Pre-touch: Disabled
 Parallel Workers: 8
 Concurrent Workers: 2
 Concurrent Refinement Workers: 8
 Periodic GC: Disabled

Heap:
 garbage-first heap   total 102400K, used 71602K [0x0000000080000000, 0x0000000100000000)
  region size 1024K, 15 young (15360K), 1 survivors (1024K)
 Metaspace       used 62652K, committed 63296K, reserved 1114112K
  class space    used 8807K, committed 9088K, reserved 1048576K

Heap Regions: E=young(eden), S=young(survivor), O=old, HS=humongous(starts), HC=humongous(continues), CS=collection set, F=free, OA=open archive, CA=closed archive, TAMS=top-at-mark-start (previous, next)
|   0|0x0000000080000000, 0x0000000080100000, 0x0000000080100000|100%|HS|  |TAMS 0x0000000080100000, 0x0000000080000000| Complete 
|   1|0x0000000080100000, 0x0000000080200000, 0x0000000080200000|100%|HC|  |TAMS 0x0000000080200000, 0x0000000080100000| Complete 
|   2|0x0000000080200000, 0x0000000080300000, 0x0000000080300000|100%|HC|  |TAMS 0x0000000080300000, 0x0000000080200000| Complete 
|   3|0x0000000080300000, 0x0000000080400000, 0x0000000080400000|100%|HC|  |TAMS 0x0000000080400000, 0x0000000080300000| Complete 
|   4|0x0000000080400000, 0x0000000080500000, 0x0000000080500000|100%| O|  |TAMS 0x0000000080500000, 0x0000000080400000| Untracked 
|   5|0x0000000080500000, 0x0000000080600000, 0x0000000080600000|100%| O|  |TAMS 0x0000000080600000, 0x0000000080500000| Untracked 
|   6|0x0000000080600000, 0x0000000080700000, 0x0000000080700000|100%| O|  |TAMS 0x0000000080700000, 0x0000000080600000| Untracked 
|   7|0x0000000080700000, 0x0000000080800000, 0x0000000080800000|100%| O|  |TAMS 0x0000000080800000, 0x0000000080700000| Untracked 
|   8|0x0000000080800000, 0x0000000080900000, 0x0000000080900000|100%| O|  |TAMS 0x0000000080900000, 0x0000000080800000| Untracked 
|   9|0x0000000080900000, 0x0000000080a00000, 0x0000000080a00000|100%| O|  |TAMS 0x0000000080a00000, 0x0000000080900000| Untracked 
|  10|0x0000000080a00000, 0x0000000080b00000, 0x0000000080b00000|100%| O|  |TAMS 0x0000000080b00000, 0x0000000080a00000| Untracked 
|  11|0x0000000080b00000, 0x0000000080c00000, 0x0000000080c00000|100%| O|  |TAMS 0x0000000080c00000, 0x0000000080b00000| Untracked 
|  12|0x0000000080c00000, 0x0000000080d00000, 0x0000000080d00000|100%| O|  |TAMS 0x0000000080d00000, 0x0000000080c00000| Untracked 
|  13|0x0000000080d00000, 0x0000000080e00000, 0x0000000080e00000|100%| O|  |TAMS 0x0000000080e00000, 0x0000000080d00000| Untracked 
|  14|0x0000000080e00000, 0x0000000080e00000, 0x0000000080f00000|  0%| F|  |TAMS 0x0000000080e00000, 0x0000000080e00000| Untracked 
|  15|0x0000000080f00000, 0x0000000081000000, 0x0000000081000000|100%| O|  |TAMS 0x0000000081000000, 0x0000000080f00000| Untracked 
|  16|0x0000000081000000, 0x0000000081100000, 0x0000000081100000|100%| O|  |TAMS 0x0000000081100000, 0x0000000081000000| Untracked 
|  17|0x0000000081100000, 0x0000000081200000, 0x0000000081200000|100%| O|  |TAMS 0x0000000081200000, 0x0000000081100000| Untracked 
|  18|0x0000000081200000, 0x0000000081300000, 0x0000000081300000|100%| O|  |TAMS 0x0000000081300000, 0x0000000081200000| Untracked 
|  19|0x0000000081300000, 0x0000000081400000, 0x0000000081400000|100%|HS|  |TAMS 0x0000000081400000, 0x0000000081300000| Complete 
|  20|0x0000000081400000, 0x0000000081500000, 0x0000000081500000|100%| O|  |TAMS 0x0000000081500000, 0x0000000081400000| Untracked 
|  21|0x0000000081500000, 0x0000000081600000, 0x0000000081600000|100%| O|  |TAMS 0x0000000081600000, 0x0000000081500000| Untracked 
|  22|0x0000000081600000, 0x0000000081700000, 0x0000000081700000|100%| O|  |TAMS 0x0000000081700000, 0x0000000081600000| Untracked 
|  23|0x0000000081700000, 0x0000000081800000, 0x0000000081800000|100%|HS|  |TAMS 0x0000000081800000, 0x0000000081700000| Complete 
|  24|0x0000000081800000, 0x0000000081900000, 0x0000000081900000|100%| O|  |TAMS 0x0000000081900000, 0x0000000081800000| Untracked 
|  25|0x0000000081900000, 0x0000000081a00000, 0x0000000081a00000|100%| O|  |TAMS 0x0000000081a00000, 0x0000000081900000| Untracked 
|  26|0x0000000081a00000, 0x0000000081b00000, 0x0000000081b00000|100%| O|  |TAMS 0x0000000081b00000, 0x0000000081a00000| Untracked 
|  27|0x0000000081b00000, 0x0000000081c00000, 0x0000000081c00000|100%| O|  |TAMS 0x0000000081c00000, 0x0000000081b00000| Untracked 
|  28|0x0000000081c00000, 0x0000000081d00000, 0x0000000081d00000|100%| O|  |TAMS 0x0000000081d00000, 0x0000000081c00000| Untracked 
|  29|0x0000000081d00000, 0x0000000081e00000, 0x0000000081e00000|100%| O|  |TAMS 0x0000000081e00000, 0x0000000081d00000| Untracked 
|  30|0x0000000081e00000, 0x0000000081f00000, 0x0000000081f00000|100%| O|  |TAMS 0x0000000081f00000, 0x0000000081e00000| Untracked 
|  31|0x0000000081f00000, 0x0000000082000000, 0x0000000082000000|100%| O|  |TAMS 0x0000000082000000, 0x0000000081f00000| Untracked 
|  32|0x0000000082000000, 0x0000000082100000, 0x0000000082100000|100%| O|  |TAMS 0x0000000082100000, 0x0000000082000000| Untracked 
|  33|0x0000000082100000, 0x0000000082200000, 0x0000000082200000|100%| O|  |TAMS 0x0000000082200000, 0x0000000082100000| Untracked 
|  34|0x0000000082200000, 0x0000000082300000, 0x0000000082300000|100%| O|  |TAMS 0x0000000082300000, 0x0000000082200000| Untracked 
|  35|0x0000000082300000, 0x0000000082400000, 0x0000000082400000|100%| O|  |TAMS 0x0000000082400000, 0x0000000082300000| Untracked 
|  36|0x0000000082400000, 0x0000000082500000, 0x0000000082500000|100%| O|  |TAMS 0x0000000082500000, 0x0000000082400000| Untracked 
|  37|0x0000000082500000, 0x0000000082600000, 0x0000000082600000|100%| O|  |TAMS 0x0000000082600000, 0x0000000082500000| Untracked 
|  38|0x0000000082600000, 0x0000000082700000, 0x0000000082700000|100%| O|  |TAMS 0x0000000082700000, 0x0000000082600000| Untracked 
|  39|0x0000000082700000, 0x0000000082800000, 0x0000000082800000|100%| O|  |TAMS 0x0000000082800000, 0x0000000082700000| Untracked 
|  40|0x0000000082800000, 0x0000000082900000, 0x0000000082900000|100%| O|  |TAMS 0x0000000082900000, 0x0000000082800000| Untracked 
|  41|0x0000000082900000, 0x0000000082a00000, 0x0000000082a00000|100%| O|  |TAMS 0x0000000082a00000, 0x0000000082900000| Untracked 
|  42|0x0000000082a00000, 0x0000000082b00000, 0x0000000082b00000|100%| O|  |TAMS 0x0000000082b00000, 0x0000000082a00000| Untracked 
|  43|0x0000000082b00000, 0x0000000082c00000, 0x0000000082c00000|100%| O|  |TAMS 0x0000000082c00000, 0x0000000082b00000| Untracked 
|  44|0x0000000082c00000, 0x0000000082d00000, 0x0000000082d00000|100%| O|  |TAMS 0x0000000082d00000, 0x0000000082c00000| Untracked 
|  45|0x0000000082d00000, 0x0000000082e00000, 0x0000000082e00000|100%| O|  |TAMS 0x0000000082d00000, 0x0000000082d00000| Untracked 
|  46|0x0000000082e00000, 0x0000000082f00000, 0x0000000082f00000|100%|HS|  |TAMS 0x0000000082f00000, 0x0000000082e00000| Complete 
|  47|0x0000000082f00000, 0x0000000083000000, 0x0000000083000000|100%|HS|  |TAMS 0x0000000083000000, 0x0000000082f00000| Complete 
|  48|0x0000000083000000, 0x0000000083100000, 0x0000000083100000|100%| O|  |TAMS 0x0000000083100000, 0x0000000083000000| Untracked 
|  49|0x0000000083100000, 0x0000000083200000, 0x0000000083200000|100%|HS|  |TAMS 0x0000000083200000, 0x0000000083100000| Complete 
|  50|0x0000000083200000, 0x0000000083300000, 0x0000000083300000|100%| O|  |TAMS 0x0000000083300000, 0x0000000083200000| Untracked 
|  51|0x0000000083300000, 0x0000000083400000, 0x0000000083400000|100%| O|  |TAMS 0x0000000083400000, 0x0000000083300000| Untracked 
|  52|0x0000000083400000, 0x0000000083500000, 0x0000000083500000|100%| O|  |TAMS 0x0000000083500000, 0x0000000083400000| Untracked 
|  53|0x0000000083500000, 0x0000000083600000, 0x0000000083600000|100%| O|  |TAMS 0x0000000083600000, 0x0000000083500000| Untracked 
|  54|0x0000000083600000, 0x0000000083700000, 0x0000000083700000|100%| O|  |TAMS 0x0000000083700000, 0x0000000083600000| Untracked 
|  55|0x0000000083700000, 0x0000000083800000, 0x0000000083800000|100%| O|  |TAMS 0x0000000083800000, 0x0000000083700000| Untracked 
|  56|0x0000000083800000, 0x0000000083900000, 0x0000000083900000|100%| O|  |TAMS 0x00000000838cd600, 0x0000000083800000| Untracked 
|  57|0x0000000083900000, 0x0000000083965e00, 0x0000000083a00000| 39%| O|  |TAMS 0x0000000083900000, 0x0000000083900000| Untracked 
|  58|0x0000000083a00000, 0x0000000083a00000, 0x0000000083b00000|  0%| F|  |TAMS 0x0000000083a00000, 0x0000000083a00000| Untracked 
|  59|0x0000000083b00000, 0x0000000083b00000, 0x0000000083c00000|  0%| F|  |TAMS 0x0000000083b00000, 0x0000000083b00000| Untracked 
|  60|0x0000000083c00000, 0x0000000083c00000, 0x0000000083d00000|  0%| F|  |TAMS 0x0000000083c00000, 0x0000000083c00000| Untracked 
|  61|0x0000000083d00000, 0x0000000083d00000, 0x0000000083e00000|  0%| F|  |TAMS 0x0000000083d00000, 0x0000000083d00000| Untracked 
|  62|0x0000000083e00000, 0x0000000083e00000, 0x0000000083f00000|  0%| F|  |TAMS 0x0000000083e00000, 0x0000000083e00000| Untracked 
|  63|0x0000000083f00000, 0x0000000083f00000, 0x0000000084000000|  0%| F|  |TAMS 0x0000000083f00000, 0x0000000083f00000| Untracked 
|  64|0x0000000084000000, 0x0000000084000000, 0x0000000084100000|  0%| F|  |TAMS 0x0000000084000000, 0x0000000084000000| Untracked 
|  65|0x0000000084100000, 0x0000000084100000, 0x0000000084200000|  0%| F|  |TAMS 0x0000000084100000, 0x0000000084100000| Untracked 
|  66|0x0000000084200000, 0x0000000084200000, 0x0000000084300000|  0%| F|  |TAMS 0x0000000084200000, 0x0000000084200000| Untracked 
|  67|0x0000000084300000, 0x0000000084300000, 0x0000000084400000|  0%| F|  |TAMS 0x0000000084300000, 0x0000000084300000| Untracked 
|  68|0x0000000084400000, 0x0000000084400000, 0x0000000084500000|  0%| F|  |TAMS 0x0000000084400000, 0x0000000084400000| Untracked 
|  69|0x0000000084500000, 0x0000000084500000, 0x0000000084600000|  0%| F|  |TAMS 0x0000000084500000, 0x0000000084500000| Untracked 
|  70|0x0000000084600000, 0x0000000084600000, 0x0000000084700000|  0%| F|  |TAMS 0x0000000084600000, 0x0000000084600000| Untracked 
|  71|0x0000000084700000, 0x0000000084700000, 0x0000000084800000|  0%| F|  |TAMS 0x0000000084700000, 0x0000000084700000| Untracked 
|  72|0x0000000084800000, 0x0000000084800000, 0x0000000084900000|  0%| F|  |TAMS 0x0000000084800000, 0x0000000084800000| Untracked 
|  73|0x0000000084900000, 0x0000000084900000, 0x0000000084a00000|  0%| F|  |TAMS 0x0000000084900000, 0x0000000084900000| Untracked 
|  74|0x0000000084a00000, 0x0000000084a00000, 0x0000000084b00000|  0%| F|  |TAMS 0x0000000084a00000, 0x0000000084a00000| Untracked 
|  75|0x0000000084b00000, 0x0000000084b00000, 0x0000000084c00000|  0%| F|  |TAMS 0x0000000084b00000, 0x0000000084b00000| Untracked 
|  76|0x0000000084c00000, 0x0000000084c00000, 0x0000000084d00000|  0%| F|  |TAMS 0x0000000084c00000, 0x0000000084c00000| Untracked 
|  77|0x0000000084d00000, 0x0000000084d00000, 0x0000000084e00000|  0%| F|  |TAMS 0x0000000084d00000, 0x0000000084d00000| Untracked 
|  78|0x0000000084e00000, 0x0000000084e00000, 0x0000000084f00000|  0%| F|  |TAMS 0x0000000084e00000, 0x0000000084e00000| Untracked 
|  79|0x0000000084f00000, 0x0000000084f00000, 0x0000000085000000|  0%| F|  |TAMS 0x0000000084f00000, 0x0000000084f00000| Untracked 
|  80|0x0000000085000000, 0x0000000085000000, 0x0000000085100000|  0%| F|  |TAMS 0x0000000085000000, 0x0000000085000000| Untracked 
|  81|0x0000000085100000, 0x0000000085100000, 0x0000000085200000|  0%| F|  |TAMS 0x0000000085100000, 0x0000000085100000| Untracked 
|  82|0x0000000085200000, 0x0000000085200000, 0x0000000085300000|  0%| F|  |TAMS 0x0000000085200000, 0x0000000085200000| Untracked 
|  83|0x0000000085300000, 0x0000000085300000, 0x0000000085400000|  0%| F|  |TAMS 0x0000000085300000, 0x0000000085300000| Untracked 
|  84|0x0000000085400000, 0x0000000085400000, 0x0000000085500000|  0%| F|  |TAMS 0x0000000085400000, 0x0000000085400000| Untracked 
|  85|0x0000000085500000, 0x00000000855dcfe8, 0x0000000085600000| 86%| E|  |TAMS 0x0000000085500000, 0x0000000085500000| Complete 
|  86|0x0000000085600000, 0x0000000085700000, 0x0000000085700000|100%| E|CS|TAMS 0x0000000085600000, 0x0000000085600000| Complete 
|  87|0x0000000085700000, 0x0000000085800000, 0x0000000085800000|100%| E|CS|TAMS 0x0000000085700000, 0x0000000085700000| Complete 
|  88|0x0000000085800000, 0x0000000085900000, 0x0000000085900000|100%| E|CS|TAMS 0x0000000085800000, 0x0000000085800000| Complete 
|  89|0x0000000085900000, 0x0000000085a00000, 0x0000000085a00000|100%| E|CS|TAMS 0x0000000085900000, 0x0000000085900000| Complete 
|  90|0x0000000085a00000, 0x0000000085b00000, 0x0000000085b00000|100%| E|CS|TAMS 0x0000000085a00000, 0x0000000085a00000| Complete 
|  91|0x0000000085b00000, 0x0000000085c00000, 0x0000000085c00000|100%| E|CS|TAMS 0x0000000085b00000, 0x0000000085b00000| Complete 
|  92|0x0000000085c00000, 0x0000000085d00000, 0x0000000085d00000|100%| E|CS|TAMS 0x0000000085c00000, 0x0000000085c00000| Complete 
|  93|0x0000000085d00000, 0x0000000085e00000, 0x0000000085e00000|100%| E|CS|TAMS 0x0000000085d00000, 0x0000000085d00000| Complete 
|  94|0x0000000085e00000, 0x0000000085f00000, 0x0000000085f00000|100%| E|CS|TAMS 0x0000000085e00000, 0x0000000085e00000| Complete 
|  95|0x0000000085f00000, 0x0000000086000000, 0x0000000086000000|100%| E|CS|TAMS 0x0000000085f00000, 0x0000000085f00000| Complete 
|  96|0x0000000086000000, 0x0000000086086be8, 0x0000000086100000| 52%| S|CS|TAMS 0x0000000086000000, 0x0000000086000000| Complete 
|  97|0x0000000086100000, 0x0000000086200000, 0x0000000086200000|100%| E|CS|TAMS 0x0000000086100000, 0x0000000086100000| Complete 
|  98|0x0000000086200000, 0x0000000086300000, 0x0000000086300000|100%| E|CS|TAMS 0x0000000086200000, 0x0000000086200000| Complete 
|  99|0x0000000086300000, 0x0000000086400000, 0x0000000086400000|100%| E|CS|TAMS 0x0000000086300000, 0x0000000086300000| Complete 

Card table byte_map: [0x000001f5984e0000,0x000001f5988e0000] _byte_map_base: 0x000001f5980e0000

Marking Bits (Prev, Next): (CMBitMap*) 0x000001f58391a700, (CMBitMap*) 0x000001f58391a740
 Prev Bits: [0x000001f598ce0000, 0x000001f59ace0000)
 Next Bits: [0x000001f59ace0000, 0x000001f59cce0000)

Polling page: 0x000001f5835a0000

Metaspace:

Usage:
  Non-class:     52.59 MB used.
      Class:      8.60 MB used.
       Both:     61.19 MB used.

Virtual space:
  Non-class space:       64.00 MB reserved,      52.94 MB ( 83%) committed,  1 nodes.
      Class space:        1.00 GB reserved,       8.88 MB ( <1%) committed,  1 nodes.
             Both:        1.06 GB reserved,      61.81 MB (  6%) committed. 

Chunk freelists:
   Non-Class:  10.27 MB
       Class:  7.03 MB
        Both:  17.30 MB

MaxMetaspaceSize: unlimited
CompressedClassSpaceSize: 1.00 GB
Initial GC threshold: 21.00 MB
Current GC threshold: 96.81 MB
CDS: on
MetaspaceReclaimPolicy: balanced
 - commit_granule_bytes: 65536.
 - commit_granule_words: 8192.
 - virtual_space_node_default_size: 8388608.
 - enlarge_chunks_in_place: 1.
 - new_chunks_are_fully_committed: 0.
 - uncommit_free_chunks: 1.
 - use_allocation_guard: 0.
 - handle_deallocations: 1.


Internal statistics:

num_allocs_failed_limit: 6.
num_arena_births: 694.
num_arena_deaths: 0.
num_vsnodes_births: 2.
num_vsnodes_deaths: 0.
num_space_committed: 989.
num_space_uncommitted: 0.
num_chunks_returned_to_freelist: 6.
num_chunks_taken_from_freelist: 3052.
num_chunk_merges: 6.
num_chunk_splits: 2006.
num_chunks_enlarged: 1340.
num_inconsistent_stats: 0.

CodeHeap 'non-profiled nmethods': size=120000Kb used=3312Kb max_used=3312Kb free=116687Kb
 bounds [0x000001f590140000, 0x000001f590480000, 0x000001f597670000]
CodeHeap 'profiled nmethods': size=120000Kb used=12618Kb max_used=12618Kb free=107381Kb
 bounds [0x000001f588670000, 0x000001f5892d0000, 0x000001f58fba0000]
CodeHeap 'non-nmethods': size=5760Kb used=2380Kb max_used=2420Kb free=3379Kb
 bounds [0x000001f58fba0000, 0x000001f58fe10000, 0x000001f590140000]
 total_blobs=7381 nmethods=6479 adapters=813
 compilation: enabled
              stopped_count=0, restarted_count=0
 full_count=0

Compilation events (20 events):
Event: 31.761 Thread 0x000001f59f078950 nmethod 7183 0x000001f590476610 code [0x000001f5904767a0, 0x000001f590476878]
Event: 31.762 Thread 0x000001f59f078950 7184       3       org.gradle.api.internal.provider.AbstractMinimalProvider::getOrNull (13 bytes)
Event: 31.763 Thread 0x000001f59f078950 nmethod 7184 0x000001f58925bd10 code [0x000001f58925bec0, 0x000001f58925c158]
Event: 31.763 Thread 0x000001f59f078950 7185       1       org.gradle.api.internal.provider.ValueSupplier$Missing::orNull (2 bytes)
Event: 31.764 Thread 0x000001f59f078950 nmethod 7185 0x000001f590476910 code [0x000001f590476aa0, 0x000001f590476b78]
Event: 31.764 Thread 0x000001f59f078950 7186       1       org.gradle.api.internal.provider.DefaultValueSourceProviderFactory::access$200 (5 bytes)
Event: 31.764 Thread 0x000001f59f078950 nmethod 7186 0x000001f590476c10 code [0x000001f590476da0, 0x000001f590476e58]
Event: 31.764 Thread 0x000001f59f078950 7187       3       org.gradle.api.internal.provider.DefaultProperty::<init> (26 bytes)
Event: 31.765 Thread 0x000001f59f078950 nmethod 7187 0x000001f58925c210 code [0x000001f58925c460, 0x000001f58925d048]
Event: 31.765 Thread 0x000001f59f078950 7188       3       org.gradle.api.internal.provider.Providers::notDefined (10 bytes)
Event: 31.765 Thread 0x000001f59f078950 nmethod 7188 0x000001f58925d410 code [0x000001f58925d5a0, 0x000001f58925d6f8]
Event: 31.768 Thread 0x000001f59f078950 7189       3       org.gradle.api.internal.provider.Providers::internal (8 bytes)
Event: 31.769 Thread 0x000001f59f078950 nmethod 7189 0x000001f58925d790 code [0x000001f58925d940, 0x000001f58925db98]
Event: 31.769 Thread 0x000001f59f078950 7190       3       org.gradle.api.internal.provider.AbstractProperty::assertCanMutate (12 bytes)
Event: 31.770 Thread 0x000001f59f078950 nmethod 7190 0x000001f58925dc90 code [0x000001f58925de40, 0x000001f58925e0d8]
Event: 31.770 Thread 0x000001f59f078950 7191       3       org.gradle.api.internal.provider.AbstractProperty$NonFinalizedValue::beforeMutate (34 bytes)
Event: 31.770 Thread 0x000001f59f078950 nmethod 7191 0x000001f58925e190 code [0x000001f58925e400, 0x000001f58925f028]
Event: 31.770 Thread 0x000001f59f078950 7192       3       com.google.common.reflect.TypeToken::of (9 bytes)
Event: 31.771 Thread 0x000001f59f078950 nmethod 7192 0x000001f58925f410 code [0x000001f58925f600, 0x000001f58925fc08]
Event: 31.771 Thread 0x000001f59f078950 7193       3       org.gradle.internal.event.ListenerBroadcast::getSource (35 bytes)

GC Heap History (20 events):
Event: 17.663 GC heap before
{Heap before GC invocations=16 (full 0):
 garbage-first heap   total 86016K, used 47124K [0x0000000080000000, 0x0000000100000000)
  region size 1024K, 4 young (4096K), 3 survivors (3072K)
 Metaspace       used 53920K, committed 54464K, reserved 1114112K
  class space    used 7659K, committed 7872K, reserved 1048576K
}
Event: 17.668 GC heap after
{Heap after GC invocations=17 (full 0):
 garbage-first heap   total 86016K, used 45601K [0x0000000080000000, 0x0000000100000000)
  region size 1024K, 1 young (1024K), 1 survivors (1024K)
 Metaspace       used 53920K, committed 54464K, reserved 1114112K
  class space    used 7659K, committed 7872K, reserved 1048576K
}
Event: 18.674 GC heap before
{Heap before GC invocations=17 (full 0):
 garbage-first heap   total 86016K, used 63009K [0x0000000080000000, 0x0000000100000000)
  region size 1024K, 19 young (19456K), 1 survivors (1024K)
 Metaspace       used 54434K, committed 55040K, reserved 1114112K
  class space    used 7708K, committed 7936K, reserved 1048576K
}
Event: 18.677 GC heap after
{Heap after GC invocations=18 (full 0):
 garbage-first heap   total 86016K, used 46550K [0x0000000080000000, 0x0000000100000000)
  region size 1024K, 2 young (2048K), 2 survivors (2048K)
 Metaspace       used 54434K, committed 55040K, reserved 1114112K
  class space    used 7708K, committed 7936K, reserved 1048576K
}
Event: 21.021 GC heap before
{Heap before GC invocations=19 (full 0):
 garbage-first heap   total 86016K, used 72150K [0x0000000080000000, 0x0000000100000000)
  region size 1024K, 23 young (23552K), 2 survivors (2048K)
 Metaspace       used 55584K, committed 56192K, reserved 1114112K
  class space    used 7867K, committed 8128K, reserved 1048576K
}
Event: 21.024 GC heap after
{Heap after GC invocations=20 (full 0):
 garbage-first heap   total 86016K, used 56489K [0x0000000080000000, 0x0000000100000000)
  region size 1024K, 3 young (3072K), 3 survivors (3072K)
 Metaspace       used 55584K, committed 56192K, reserved 1114112K
  class space    used 7867K, committed 8128K, reserved 1048576K
}
Event: 21.051 GC heap before
{Heap before GC invocations=20 (full 0):
 garbage-first heap   total 86016K, used 56489K [0x0000000080000000, 0x0000000100000000)
  region size 1024K, 4 young (4096K), 3 survivors (3072K)
 Metaspace       used 55642K, committed 56256K, reserved 1114112K
  class space    used 7875K, committed 8128K, reserved 1048576K
}
Event: 21.054 GC heap after
{Heap after GC invocations=21 (full 0):
 garbage-first heap   total 86016K, used 56644K [0x0000000080000000, 0x0000000100000000)
  region size 1024K, 1 young (1024K), 1 survivors (1024K)
 Metaspace       used 55642K, committed 56256K, reserved 1114112K
  class space    used 7875K, committed 8128K, reserved 1048576K
}
Event: 21.112 GC heap before
{Heap before GC invocations=21 (full 0):
 garbage-first heap   total 86016K, used 57668K [0x0000000080000000, 0x0000000100000000)
  region size 1024K, 4 young (4096K), 1 survivors (1024K)
 Metaspace       used 55782K, committed 56384K, reserved 1114112K
  class space    used 7886K, committed 8128K, reserved 1048576K
}
Event: 21.114 GC heap after
{Heap after GC invocations=22 (full 0):
 garbage-first heap   total 86016K, used 56999K [0x0000000080000000, 0x0000000100000000)
  region size 1024K, 1 young (1024K), 1 survivors (1024K)
 Metaspace       used 55782K, committed 56384K, reserved 1114112K
  class space    used 7886K, committed 8128K, reserved 1048576K
}
Event: 22.463 GC heap before
{Heap before GC invocations=23 (full 0):
 garbage-first heap   total 102400K, used 69287K [0x0000000080000000, 0x0000000100000000)
  region size 1024K, 12 young (12288K), 1 survivors (1024K)
 Metaspace       used 56649K, committed 57280K, reserved 1114112K
  class space    used 8001K, committed 8256K, reserved 1048576K
}
Event: 22.465 GC heap after
{Heap after GC invocations=24 (full 0):
 garbage-first heap   total 102400K, used 58345K [0x0000000080000000, 0x0000000100000000)
  region size 1024K, 1 young (1024K), 1 survivors (1024K)
 Metaspace       used 56649K, committed 57280K, reserved 1114112K
  class space    used 8001K, committed 8256K, reserved 1048576K
}
Event: 22.563 GC heap before
{Heap before GC invocations=24 (full 0):
 garbage-first heap   total 102400K, used 61417K [0x0000000080000000, 0x0000000100000000)
  region size 1024K, 5 young (5120K), 1 survivors (1024K)
 Metaspace       used 56980K, committed 57600K, reserved 1114112K
  class space    used 8045K, committed 8320K, reserved 1048576K
}
Event: 22.566 GC heap after
{Heap after GC invocations=25 (full 0):
 garbage-first heap   total 102400K, used 57583K [0x0000000080000000, 0x0000000100000000)
  region size 1024K, 1 young (1024K), 1 survivors (1024K)
 Metaspace       used 56980K, committed 57600K, reserved 1114112K
  class space    used 8045K, committed 8320K, reserved 1048576K
}
Event: 27.113 GC heap before
{Heap before GC invocations=25 (full 0):
 garbage-first heap   total 102400K, used 77039K [0x0000000080000000, 0x0000000100000000)
  region size 1024K, 21 young (21504K), 1 survivors (1024K)
 Metaspace       used 58740K, committed 59328K, reserved 1114112K
  class space    used 8293K, committed 8512K, reserved 1048576K
}
Event: 27.116 GC heap after
{Heap after GC invocations=26 (full 0):
 garbage-first heap   total 102400K, used 58247K [0x0000000080000000, 0x0000000100000000)
  region size 1024K, 2 young (2048K), 2 survivors (2048K)
 Metaspace       used 58740K, committed 59328K, reserved 1114112K
  class space    used 8293K, committed 8512K, reserved 1048576K
}
Event: 27.577 GC heap before
{Heap before GC invocations=27 (full 0):
 garbage-first heap   total 102400K, used 79751K [0x0000000080000000, 0x0000000100000000)
  region size 1024K, 23 young (23552K), 2 survivors (2048K)
 Metaspace       used 60989K, committed 61568K, reserved 1114112K
  class space    used 8555K, committed 8768K, reserved 1048576K
}
Event: 27.579 GC heap after
{Heap after GC invocations=28 (full 0):
 garbage-first heap   total 102400K, used 58626K [0x0000000080000000, 0x0000000100000000)
  region size 1024K, 2 young (2048K), 2 survivors (2048K)
 Metaspace       used 60989K, committed 61568K, reserved 1114112K
  class space    used 8555K, committed 8768K, reserved 1048576K
}
Event: 27.664 GC heap before
{Heap before GC invocations=28 (full 0):
 garbage-first heap   total 102400K, used 61698K [0x0000000080000000, 0x0000000100000000)
  region size 1024K, 5 young (5120K), 2 survivors (2048K)
 Metaspace       used 61355K, committed 61952K, reserved 1114112K
  class space    used 8595K, committed 8832K, reserved 1048576K
}
Event: 27.667 GC heap after
{Heap after GC invocations=29 (full 0):
 garbage-first heap   total 102400K, used 58290K [0x0000000080000000, 0x0000000100000000)
  region size 1024K, 1 young (1024K), 1 survivors (1024K)
 Metaspace       used 61355K, committed 61952K, reserved 1114112K
  class space    used 8595K, committed 8832K, reserved 1048576K
}

Dll operation events (4 events):
Event: 0.023 Loaded shared library C:\Users\Windows\.jdks\jbr-17.0.14\bin\java.dll
Event: 0.047 Loaded shared library C:\Users\Windows\.jdks\jbr-17.0.14\bin\jsvml.dll
Event: 0.164 Loaded shared library C:\Users\Windows\.jdks\jbr-17.0.14\bin\zip.dll
Event: 0.977 Loaded shared library C:\Users\Windows\.jdks\jbr-17.0.14\bin\verify.dll

Deoptimization events (20 events):
Event: 26.965 Thread 0x000001f5e5fdb720 DEOPT PACKING pc=0x000001f5902bf9e8 sp=0x0000004857ff7cf0
Event: 26.965 Thread 0x000001f5e5fdb720 DEOPT UNPACKING pc=0x000001f58fbf69a3 sp=0x0000004857ff7c98 mode 2
Event: 26.997 Thread 0x000001f5e5fdb720 DEOPT PACKING pc=0x000001f58888000b sp=0x0000004857ff7780
Event: 26.997 Thread 0x000001f5e5fdb720 DEOPT UNPACKING pc=0x000001f58fbf7143 sp=0x0000004857ff6c90 mode 0
Event: 27.031 Thread 0x000001f5e5fdb720 Uncommon trap: trap_request=0xffffffde fr.pc=0x000001f59040e704 relative=0x0000000000002764
Event: 27.031 Thread 0x000001f5e5fdb720 Uncommon trap: reason=class_check action=maybe_recompile pc=0x000001f59040e704 method=java.util.jar.JarFile.getManifestFromReference()Ljava/util/jar/Manifest; @ 152 c2
Event: 27.031 Thread 0x000001f5e5fdb720 DEOPT PACKING pc=0x000001f59040e704 sp=0x0000004857ff7300
Event: 27.031 Thread 0x000001f5e5fdb720 DEOPT UNPACKING pc=0x000001f58fbf69a3 sp=0x0000004857ff7270 mode 2
Event: 27.060 Thread 0x000001f5e5fdb720 Uncommon trap: trap_request=0xffffffde fr.pc=0x000001f590362844 relative=0x0000000000000364
Event: 27.060 Thread 0x000001f5e5fdb720 Uncommon trap: reason=class_check action=maybe_recompile pc=0x000001f590362844 method=java.util.stream.AbstractPipeline.copyIntoWithCancel(Ljava/util/stream/Sink;Ljava/util/Spliterator;)Z @ 32 c2
Event: 27.060 Thread 0x000001f5e5fdb720 DEOPT PACKING pc=0x000001f590362844 sp=0x0000004857ff6c60
Event: 27.060 Thread 0x000001f5e5fdb720 DEOPT UNPACKING pc=0x000001f58fbf69a3 sp=0x0000004857ff6b20 mode 2
Event: 27.060 Thread 0x000001f5e5fdb720 Uncommon trap: trap_request=0xffffffde fr.pc=0x000001f590362844 relative=0x0000000000000364
Event: 27.060 Thread 0x000001f5e5fdb720 Uncommon trap: reason=class_check action=maybe_recompile pc=0x000001f590362844 method=java.util.stream.AbstractPipeline.copyIntoWithCancel(Ljava/util/stream/Sink;Ljava/util/Spliterator;)Z @ 32 c2
Event: 27.060 Thread 0x000001f5e5fdb720 DEOPT PACKING pc=0x000001f590362844 sp=0x0000004857ff6c60
Event: 27.060 Thread 0x000001f5e5fdb720 DEOPT UNPACKING pc=0x000001f58fbf69a3 sp=0x0000004857ff6b20 mode 2
Event: 27.060 Thread 0x000001f5e5fdb720 Uncommon trap: trap_request=0xffffffde fr.pc=0x000001f590362844 relative=0x0000000000000364
Event: 27.060 Thread 0x000001f5e5fdb720 Uncommon trap: reason=class_check action=maybe_recompile pc=0x000001f590362844 method=java.util.stream.AbstractPipeline.copyIntoWithCancel(Ljava/util/stream/Sink;Ljava/util/Spliterator;)Z @ 32 c2
Event: 27.060 Thread 0x000001f5e5fdb720 DEOPT PACKING pc=0x000001f590362844 sp=0x0000004857ff6c60
Event: 27.060 Thread 0x000001f5e5fdb720 DEOPT UNPACKING pc=0x000001f58fbf69a3 sp=0x0000004857ff6b20 mode 2

Classes loaded (20 events):
Event: 27.462 Loading class java/util/stream/ReduceOps$2ReducingSink
Event: 27.462 Loading class java/util/stream/ReduceOps$2ReducingSink done
Event: 27.463 Loading class java/lang/management/ClassLoadingMXBean
Event: 27.463 Loading class java/lang/management/ClassLoadingMXBean done
Event: 27.463 Loading class sun/management/ClassLoadingImpl
Event: 27.464 Loading class sun/management/ClassLoadingImpl done
Event: 27.489 Loading class java/lang/management/ThreadMXBean
Event: 27.489 Loading class java/lang/management/ThreadMXBean done
Event: 27.490 Loading class com/sun/management/internal/HotSpotThreadImpl
Event: 27.490 Loading class com/sun/management/ThreadMXBean
Event: 27.490 Loading class com/sun/management/ThreadMXBean done
Event: 27.490 Loading class sun/management/ThreadImpl
Event: 27.491 Loading class sun/management/ThreadImpl done
Event: 27.491 Loading class com/sun/management/internal/HotSpotThreadImpl done
Event: 27.492 Loading class java/util/Collections$SynchronizedRandomAccessList
Event: 27.492 Loading class java/util/Collections$SynchronizedList
Event: 27.492 Loading class java/util/Collections$SynchronizedList done
Event: 27.492 Loading class java/util/Collections$SynchronizedRandomAccessList done
Event: 27.507 Loading class java/util/concurrent/Executors$DefaultThreadFactory
Event: 27.508 Loading class java/util/concurrent/Executors$DefaultThreadFactory done

Classes unloaded (0 events):
No events

Classes redefined (0 events):
No events

Internal exceptions (20 events):
Event: 18.546 Thread 0x000001f5e5fdb720 Exception <a 'java/lang/ClassNotFoundException'{0x00000000844c6dd0}: org/gradle/api/internal/tasks/DefaultTaskCollection_DecoratedBeanInfo> (0x00000000844c6dd0) 
thrown [s\src\hotspot\share\classfile\systemDictionary.cpp, line 256]
Event: 18.546 Thread 0x000001f5e5fdb720 Exception <a 'java/lang/ClassNotFoundException'{0x00000000844d26a0}: org/gradle/api/internal/tasks/DefaultTaskCollectionBeanInfo> (0x00000000844d26a0) 
thrown [s\src\hotspot\share\classfile\systemDictionary.cpp, line 256]
Event: 18.548 Thread 0x000001f5e5fdb720 Exception <a 'java/lang/ClassNotFoundException'{0x00000000844de038}: org/gradle/api/internal/DefaultNamedDomainObjectSetBeanInfo> (0x00000000844de038) 
thrown [s\src\hotspot\share\classfile\systemDictionary.cpp, line 256]
Event: 18.550 Thread 0x000001f5e5fdb720 Exception <a 'java/lang/ClassNotFoundException'{0x00000000844e9a10}: org/gradle/api/internal/DefaultNamedDomainObjectSetCustomizer> (0x00000000844e9a10) 
thrown [s\src\hotspot\share\classfile\systemDictionary.cpp, line 256]
Event: 18.552 Thread 0x000001f5e5fdb720 Exception <a 'java/lang/ClassNotFoundException'{0x0000000084320b90}: org/gradle/api/internal/tasks/DefaultTaskCollectionCustomizer> (0x0000000084320b90) 
thrown [s\src\hotspot\share\classfile\systemDictionary.cpp, line 256]
Event: 18.555 Thread 0x000001f5e5fdb720 Exception <a 'java/lang/ClassNotFoundException'{0x0000000084379c58}: org/gradle/api/internal/tasks/DefaultTaskCollection_DecoratedCustomizer> (0x0000000084379c58) 
thrown [s\src\hotspot\share\classfile\systemDictionary.cpp, line 256]
Event: 18.573 Thread 0x000001f5e5fdb720 Exception <a 'java/lang/NoSuchMethodError'{0x00000000843e6470}: 'long java.lang.invoke.DirectMethodHandle$Holder.invokeVirtual(java.lang.Object, java.lang.Object)'> (0x00000000843e6470) 
thrown [s\src\hotspot\share\interpreter\linkResolver.cpp, line 771]
Event: 18.594 Thread 0x000001f5e5fdbc30 Exception <a 'java/lang/NoSuchMethodError'{0x0000000084275320}: static Lorg/gradle/internal/build/event/types/DefaultOperationFinishedProgressEvent;.<clinit>()V> (0x0000000084275320) 
thrown [s\src\hotspot\share\prims\jni.cpp, line 1127]
Event: 18.598 Thread 0x000001f5e5fdbc30 Exception <a 'java/lang/NoSuchMethodError'{0x00000000842a2c18}: static Lorg/gradle/internal/build/event/types/DefaultProjectConfigurationSuccessResult;.<clinit>()V> (0x00000000842a2c18) 
thrown [s\src\hotspot\share\prims\jni.cpp, line 1127]
Event: 18.598 Thread 0x000001f5e5fdbc30 Exception <a 'java/lang/NoSuchMethodError'{0x00000000842a41b0}: static Lorg/gradle/internal/build/event/types/AbstractProjectConfigurationResult;.<clinit>()V> (0x00000000842a41b0) 
thrown [s\src\hotspot\share\prims\jni.cpp, line 1127]
Event: 18.599 Thread 0x000001f5e5fdbc30 Exception <a 'java/lang/NoSuchMethodError'{0x00000000842a58f8}: static Lorg/gradle/internal/build/event/types/AbstractOperationResult;.<clinit>()V> (0x00000000842a58f8) 
thrown [s\src\hotspot\share\prims\jni.cpp, line 1127]
Event: 18.599 Thread 0x000001f5e5fdbc30 Exception <a 'java/lang/NoSuchMethodError'{0x00000000842a6d70}: static Lorg/gradle/internal/build/event/types/AbstractResult;.<clinit>()V> (0x00000000842a6d70) 
thrown [s\src\hotspot\share\prims\jni.cpp, line 1127]
Event: 18.601 Thread 0x000001f5e5fdbc30 Exception <a 'java/lang/NoSuchMethodError'{0x00000000842bf9d0}: static Lorg/gradle/internal/build/event/types/DefaultPluginApplicationResult;.<clinit>()V> (0x00000000842bf9d0) 
thrown [s\src\hotspot\share\prims\jni.cpp, line 1127]
Event: 18.602 Thread 0x000001f5e5fdbc30 Exception <a 'java/lang/NoSuchMethodError'{0x00000000842cc600}: static Lorg/gradle/internal/build/event/types/DefaultBinaryPluginIdentifier;.<clinit>()V> (0x00000000842cc600) 
thrown [s\src\hotspot\share\prims\jni.cpp, line 1127]
Event: 18.606 Thread 0x000001f5e5fdbc30 Exception <a 'java/lang/NoSuchMethodError'{0x00000000842e60b8}: static Lorg/gradle/internal/build/event/types/DefaultScriptPluginIdentifier;.<clinit>()V> (0x00000000842e60b8) 
thrown [s\src\hotspot\share\prims\jni.cpp, line 1127]
Event: 18.660 Thread 0x000001f5e5fdb720 Exception <a 'java/lang/ClassNotFoundException'{0x000000008411f688}: build_3i7366o5wm4q5720shjsjv70rBeanInfo> (0x000000008411f688) 
thrown [s\src\hotspot\share\classfile\systemDictionary.cpp, line 256]
Event: 18.660 Thread 0x000001f5e5fdb720 Exception <a 'java/lang/ClassNotFoundException'{0x0000000084125fe8}: build_3i7366o5wm4q5720shjsjv70rCustomizer> (0x0000000084125fe8) 
thrown [s\src\hotspot\share\classfile\systemDictionary.cpp, line 256]
Event: 19.569 Thread 0x000001f5e5fdb720 Exception <a 'java/lang/ClassNotFoundException'{0x0000000084cdb7a0}: org/gradle/api/internal/plugins/DefaultObjectConfigurationActionBeanInfo> (0x0000000084cdb7a0) 
thrown [s\src\hotspot\share\classfile\systemDictionary.cpp, line 256]
Event: 19.575 Thread 0x000001f5e5fdb720 Exception <a 'java/lang/ClassNotFoundException'{0x0000000084cf08e8}: org/gradle/api/internal/plugins/DefaultObjectConfigurationActionCustomizer> (0x0000000084cf08e8) 
thrown [s\src\hotspot\share\classfile\systemDictionary.cpp, line 256]
Event: 26.908 Thread 0x000001f5e5fdb720 Exception <a 'java/lang/NoSuchMethodError'{0x00000000856f2020}: 'int java.lang.invoke.DirectMethodHandle$Holder.invokeInterface(java.lang.Object, java.lang.Object, java.lang.Object, java.lang.Object)'> (0x00000000856f2020) 
thrown [s\src\hotspot\share\interpreter\linkResolver.cpp, line 771]

VM Operations (20 events):
Event: 25.656 Executing VM operation: Cleanup done
Event: 26.892 Executing VM operation: HandshakeAllThreads
Event: 26.892 Executing VM operation: HandshakeAllThreads done
Event: 26.892 Executing VM operation: Cleanup
Event: 26.892 Executing VM operation: Cleanup done
Event: 26.905 Executing VM operation: HandshakeAllThreads
Event: 26.905 Executing VM operation: HandshakeAllThreads done
Event: 27.113 Executing VM operation: G1CollectForAllocation
Event: 27.116 Executing VM operation: G1CollectForAllocation done
Event: 27.160 Executing VM operation: G1PauseRemark
Event: 27.163 Executing VM operation: G1PauseRemark done
Event: 27.181 Executing VM operation: G1PauseCleanup
Event: 27.182 Executing VM operation: G1PauseCleanup done
Event: 27.577 Executing VM operation: G1CollectForAllocation
Event: 27.579 Executing VM operation: G1CollectForAllocation done
Event: 27.664 Executing VM operation: G1CollectForAllocation
Event: 27.667 Executing VM operation: G1CollectForAllocation done
Event: 29.683 Executing VM operation: Cleanup
Event: 29.683 Executing VM operation: Cleanup done
Event: 32.719 Executing VM operation: Cleanup

Memory protections (0 events):
No events

Nmethod flushes (20 events):
Event: 15.618 Thread 0x000001f59f07da50 flushing  nmethod 0x000001f588e6b510
Event: 15.618 Thread 0x000001f59f07da50 flushing  nmethod 0x000001f588e94d10
Event: 15.618 Thread 0x000001f59f07da50 flushing  nmethod 0x000001f588ea6610
Event: 15.618 Thread 0x000001f59f07da50 flushing  nmethod 0x000001f588eadf90
Event: 15.618 Thread 0x000001f59f07da50 flushing  nmethod 0x000001f588eb0d10
Event: 15.618 Thread 0x000001f59f07da50 flushing  nmethod 0x000001f588f51f10
Event: 15.619 Thread 0x000001f59f07da50 flushing  nmethod 0x000001f588fab690
Event: 15.619 Thread 0x000001f59f07da50 flushing  nmethod 0x000001f588fb2e10
Event: 15.619 Thread 0x000001f59f07da50 flushing  nmethod 0x000001f588fbad10
Event: 15.619 Thread 0x000001f59f07da50 flushing  nmethod 0x000001f588fbb590
Event: 15.619 Thread 0x000001f59f07da50 flushing  nmethod 0x000001f588fbb890
Event: 15.619 Thread 0x000001f59f07da50 flushing  nmethod 0x000001f588fc2e90
Event: 15.619 Thread 0x000001f59f07da50 flushing  nmethod 0x000001f588fc4910
Event: 15.619 Thread 0x000001f59f07da50 flushing  nmethod 0x000001f588fcc910
Event: 15.619 Thread 0x000001f59f07da50 flushing  nmethod 0x000001f588fcde10
Event: 15.620 Thread 0x000001f59f07da50 flushing  nmethod 0x000001f589053790
Event: 15.620 Thread 0x000001f59f07da50 flushing  nmethod 0x000001f589060490
Event: 15.620 Thread 0x000001f59f07da50 flushing  nmethod 0x000001f589060890
Event: 15.620 Thread 0x000001f59f07da50 flushing  nmethod 0x000001f589061e10
Event: 15.620 Thread 0x000001f59f07da50 flushing  nmethod 0x000001f589062610

Events (20 events):
Event: 11.393 Thread 0x000001f5e5fdb720 Thread added: 0x000001f5e6ae6fc0
Event: 11.475 Thread 0x000001f59f078950 Thread added: 0x000001f5e8488f60
Event: 12.527 Thread 0x000001f5e5fdb720 Thread added: 0x000001f5e6aeac80
Event: 16.666 Thread 0x000001f5e5fdb720 Thread added: 0x000001f5e6aeb6a0
Event: 17.242 Thread 0x000001f5e8488f60 Thread exited: 0x000001f5e8488f60
Event: 17.681 Thread 0x000001f5e5fdb720 Thread added: 0x000001f5e6aebbb0
Event: 17.682 Thread 0x000001f5e5fdb720 Thread added: 0x000001f5e6aec0c0
Event: 17.682 Thread 0x000001f5e5fdb720 Thread added: 0x000001f5e6aec5d0
Event: 17.682 Thread 0x000001f5e5fdb720 Thread added: 0x000001f5e6aecae0
Event: 17.684 Thread 0x000001f5e5fdb720 Thread added: 0x000001f5e6aecff0
Event: 17.684 Thread 0x000001f5e5fdb720 Thread added: 0x000001f5e6aed500
Event: 17.685 Thread 0x000001f5e5fdb720 Thread added: 0x000001f5e712e8f0
Event: 20.718 Thread 0x000001f59f078950 Thread added: 0x000001f5e75377c0
Event: 21.073 Thread 0x000001f5e75377c0 Thread exited: 0x000001f5e75377c0
Event: 23.615 Thread 0x000001f59f078950 Thread added: 0x000001f5e75377c0
Event: 26.751 Thread 0x000001f5e75377c0 Thread exited: 0x000001f5e75377c0
Event: 27.073 Thread 0x000001f59f078950 Thread added: 0x000001f5e75377c0
Event: 27.174 Thread 0x000001f5e5fdb720 Thread added: 0x000001f5e7130c60
Event: 27.386 Thread 0x000001f5e75377c0 Thread exited: 0x000001f5e75377c0
Event: 27.651 Thread 0x000001f59f078950 Thread added: 0x000001f5e75377c0


Dynamic libraries:
0x00007ff7d37a0000 - 0x00007ff7d37aa000 	C:\Users\Windows\.jdks\jbr-17.0.14\bin\java.exe
0x00007ffd9b460000 - 0x00007ffd9b6c7000 	C:\WINDOWS\SYSTEM32\ntdll.dll
0x00007ffd9a7b0000 - 0x00007ffd9a879000 	C:\WINDOWS\System32\KERNEL32.DLL
0x00007ffd98590000 - 0x00007ffd98980000 	C:\WINDOWS\System32\KERNELBASE.dll
0x00007ffd98c50000 - 0x00007ffd98d9b000 	C:\WINDOWS\System32\ucrtbase.dll
0x00007ffd85f20000 - 0x00007ffd85f3b000 	C:\Users\Windows\.jdks\jbr-17.0.14\bin\VCRUNTIME140.dll
0x00007ffd864c0000 - 0x00007ffd864d7000 	C:\Users\Windows\.jdks\jbr-17.0.14\bin\jli.dll
0x00007ffd993c0000 - 0x00007ffd99585000 	C:\WINDOWS\System32\USER32.dll
0x00007ffd98da0000 - 0x00007ffd98dc7000 	C:\WINDOWS\System32\win32u.dll
0x00007ffd82fb0000 - 0x00007ffd8324a000 	C:\WINDOWS\WinSxS\amd64_microsoft.windows.common-controls_6595b64144ccf1df_6.0.26100.4768_none_3e0c112ce331287c\COMCTL32.dll
0x00007ffd9abd0000 - 0x00007ffd9abfb000 	C:\WINDOWS\System32\GDI32.dll
0x00007ffd98dd0000 - 0x00007ffd98f08000 	C:\WINDOWS\System32\gdi32full.dll
0x00007ffd9ad70000 - 0x00007ffd9ae19000 	C:\WINDOWS\System32\msvcrt.dll
0x00007ffd98ba0000 - 0x00007ffd98c43000 	C:\WINDOWS\System32\msvcp_win.dll
0x00007ffd9ac00000 - 0x00007ffd9ac2f000 	C:\WINDOWS\System32\IMM32.DLL
0x0000000069250000 - 0x000000006925c000 	C:\Program Files (x86)\360\Total Security\safemon\SafeWrapper.dll
0x00007ffd9a8b0000 - 0x00007ffd9a964000 	C:\WINDOWS\System32\ADVAPI32.dll
0x00007ffd9a9e0000 - 0x00007ffd9aa86000 	C:\WINDOWS\System32\sechost.dll
0x00007ffd9ac50000 - 0x00007ffd9ad68000 	C:\WINDOWS\System32\RPCRT4.dll
0x00007ffd31bc0000 - 0x00007ffd31c6c000 	C:\Program Files (x86)\360\Total Security\safemon\libzdtp64.dll
0x00007ffd99690000 - 0x00007ffd99ddd000 	C:\WINDOWS\System32\SHELL32.dll
0x00007ffd98990000 - 0x00007ffd98b03000 	C:\WINDOWS\System32\wintypes.dll
0x00007ffd9a1e0000 - 0x00007ffd9a565000 	C:\WINDOWS\System32\combase.dll
0x00007ffd99de0000 - 0x00007ffd99e4a000 	C:\WINDOWS\System32\SHLWAPI.dll
0x00007ffd8cb60000 - 0x00007ffd8cb6b000 	C:\WINDOWS\SYSTEM32\VERSION.dll
0x00007ffd88d00000 - 0x00007ffd88d0c000 	C:\Users\Windows\.jdks\jbr-17.0.14\bin\vcruntime140_1.dll
0x00007ffd5e320000 - 0x00007ffd5e3ad000 	C:\Users\Windows\.jdks\jbr-17.0.14\bin\msvcp140.dll
0x00007ffd56580000 - 0x00007ffd5720e000 	C:\Users\Windows\.jdks\jbr-17.0.14\bin\server\jvm.dll
0x00007ffd9ab40000 - 0x00007ffd9abb4000 	C:\WINDOWS\System32\WS2_32.dll
0x00007ffd983f0000 - 0x00007ffd9844e000 	C:\WINDOWS\SYSTEM32\POWRPROF.dll
0x00007ffd8d1a0000 - 0x00007ffd8d1d5000 	C:\WINDOWS\SYSTEM32\WINMM.dll
0x00007ffd983d0000 - 0x00007ffd983e4000 	C:\WINDOWS\SYSTEM32\UMPDC.dll
0x00007ffd97230000 - 0x00007ffd9724b000 	C:\WINDOWS\SYSTEM32\kernel.appcore.dll
0x00007ffd88870000 - 0x00007ffd8887a000 	C:\Users\Windows\.jdks\jbr-17.0.14\bin\jimage.dll
0x00007ffd88a90000 - 0x00007ffd88cd1000 	C:\WINDOWS\SYSTEM32\DBGHELP.DLL
0x00007ffd9b330000 - 0x00007ffd9b410000 	C:\WINDOWS\System32\OLEAUT32.dll
0x00007ffd7ed90000 - 0x00007ffd7edd3000 	C:\WINDOWS\SYSTEM32\dbgcore.DLL
0x00007ffd98f10000 - 0x00007ffd98fa9000 	C:\WINDOWS\System32\bcryptPrimitives.dll
0x00007ffd844a0000 - 0x00007ffd844ae000 	C:\Users\Windows\.jdks\jbr-17.0.14\bin\instrument.dll
0x00007ffd81b90000 - 0x00007ffd81bb5000 	C:\Users\Windows\.jdks\jbr-17.0.14\bin\java.dll
0x00007ffd5da60000 - 0x00007ffd5db37000 	C:\Users\Windows\.jdks\jbr-17.0.14\bin\jsvml.dll
0x00007ffd96130000 - 0x00007ffd96990000 	C:\WINDOWS\SYSTEM32\windows.storage.dll
0x00007ffd99240000 - 0x00007ffd99335000 	C:\WINDOWS\System32\SHCORE.dll
0x00007ffd984b0000 - 0x00007ffd984d9000 	C:\WINDOWS\SYSTEM32\profapi.dll
0x00007ffd83db0000 - 0x00007ffd83dc8000 	C:\Users\Windows\.jdks\jbr-17.0.14\bin\zip.dll
0x00007ffd810e0000 - 0x00007ffd810f9000 	C:\Users\Windows\.jdks\jbr-17.0.14\bin\net.dll
0x00007ffd8c3c0000 - 0x00007ffd8c4de000 	C:\WINDOWS\SYSTEM32\WINHTTP.dll
0x00007ffd97840000 - 0x00007ffd978ab000 	C:\WINDOWS\system32\mswsock.dll
0x00007ffd750a0000 - 0x00007ffd750b6000 	C:\Users\Windows\.jdks\jbr-17.0.14\bin\nio.dll
0x00007ffd84490000 - 0x00007ffd844a0000 	C:\Users\Windows\.jdks\jbr-17.0.14\bin\verify.dll
0x00007ffd88ec0000 - 0x00007ffd88ee7000 	C:\Users\Windows\.gradle\native\c067742578af261105cb4f569cf0c3c89f3d7b1fecec35dd04571415982c5e48\windows-amd64\native-platform.dll
0x00007ffd5d230000 - 0x00007ffd5d374000 	C:\Users\Windows\.gradle\native\38dada09dfb8b06ba9b0570ebf7e218e3eb74d4ef43ca46872605cf95ebc2f47\windows-amd64\native-platform-file-events.dll
0x00007ffd84330000 - 0x00007ffd84339000 	C:\Users\Windows\.jdks\jbr-17.0.14\bin\management.dll
0x00007ffd83250000 - 0x00007ffd8325b000 	C:\Users\Windows\.jdks\jbr-17.0.14\bin\management_ext.dll
0x00007ffd9abc0000 - 0x00007ffd9abc8000 	C:\WINDOWS\System32\PSAPI.DLL
0x00007ffd97c20000 - 0x00007ffd97c3b000 	C:\WINDOWS\SYSTEM32\CRYPTSP.dll
0x00007ffd97250000 - 0x00007ffd9728b000 	C:\WINDOWS\system32\rsaenh.dll
0x00007ffd978e0000 - 0x00007ffd9790b000 	C:\WINDOWS\SYSTEM32\USERENV.dll
0x00007ffd98480000 - 0x00007ffd984a6000 	C:\WINDOWS\SYSTEM32\bcrypt.dll
0x00007ffd97a80000 - 0x00007ffd97a8c000 	C:\WINDOWS\SYSTEM32\CRYPTBASE.dll
0x00007ffd96cc0000 - 0x00007ffd96cf3000 	C:\WINDOWS\SYSTEM32\IPHLPAPI.DLL
0x00007ffd9a9d0000 - 0x00007ffd9a9da000 	C:\WINDOWS\System32\NSI.dll
0x00007ffd92100000 - 0x00007ffd9211f000 	C:\WINDOWS\SYSTEM32\dhcpcsvc6.DLL
0x00007ffd91ef0000 - 0x00007ffd91f15000 	C:\WINDOWS\SYSTEM32\dhcpcsvc.DLL
0x00007ffd96d50000 - 0x00007ffd96e76000 	C:\WINDOWS\SYSTEM32\DNSAPI.dll
0x00007ffd82a30000 - 0x00007ffd82a39000 	C:\Users\Windows\.jdks\jbr-17.0.14\bin\extnet.dll
0x00007ffd820f0000 - 0x00007ffd820fe000 	C:\Users\Windows\.jdks\jbr-17.0.14\bin\sunmscapi.dll
0x00007ffd99070000 - 0x00007ffd991e7000 	C:\WINDOWS\System32\CRYPT32.dll
0x00007ffd97d80000 - 0x00007ffd97db0000 	C:\WINDOWS\SYSTEM32\ncrypt.dll
0x00007ffd97d30000 - 0x00007ffd97d6f000 	C:\WINDOWS\SYSTEM32\NTASN1.dll
0x00007ffd25290000 - 0x00007ffd25298000 	C:\WINDOWS\system32\wshunix.dll
0x00007ffd91db0000 - 0x00007ffd91dbb000 	C:\Windows\System32\rasadhlp.dll
0x00007ffd921c0000 - 0x00007ffd92246000 	C:\WINDOWS\System32\fwpuclnt.dll

dbghelp: loaded successfully - version: 4.0.5 - missing functions: none
symbol engine: initialized successfully - sym options: 0x614 - pdb path: .;C:\Users\Windows\.jdks\jbr-17.0.14\bin;C:\WINDOWS\SYSTEM32;C:\WINDOWS\WinSxS\amd64_microsoft.windows.common-controls_6595b64144ccf1df_6.0.26100.4768_none_3e0c112ce331287c;C:\Program Files (x86)\360\Total Security\safemon;C:\Users\Windows\.jdks\jbr-17.0.14\bin\server;C:\Users\Windows\.gradle\native\c067742578af261105cb4f569cf0c3c89f3d7b1fecec35dd04571415982c5e48\windows-amd64;C:\Users\Windows\.gradle\native\38dada09dfb8b06ba9b0570ebf7e218e3eb74d4ef43ca46872605cf95ebc2f47\windows-amd64

VM Arguments:
jvm_args: --add-opens=java.base/java.util=ALL-UNNAMED --add-opens=java.base/java.lang=ALL-UNNAMED --add-opens=java.base/java.lang.invoke=ALL-UNNAMED --add-opens=java.prefs/java.util.prefs=ALL-UNNAMED --add-opens=java.base/java.nio.charset=ALL-UNNAMED --add-opens=java.base/java.net=ALL-UNNAMED --add-opens=java.base/java.util.concurrent.atomic=ALL-UNNAMED -Xmx2048m -Dfile.encoding=UTF-8 -Duser.country=ID -Duser.language=en -Duser.variant -javaagent:C:\Users\Windows\.gradle\wrapper\dists\gradle-8.4-bin\1w5dpkrfk8irigvoxmyhowfim\gradle-8.4\lib\agents\gradle-instrumentation-agent-8.4.jar 
java_command: org.gradle.launcher.daemon.bootstrap.GradleDaemon 8.4
java_class_path (initial): C:\Users\Windows\.gradle\wrapper\dists\gradle-8.4-bin\1w5dpkrfk8irigvoxmyhowfim\gradle-8.4\lib\gradle-launcher-8.4.jar
Launcher Type: SUN_STANDARD

[Global flags]
     intx CICompilerCount                          = 4                                         {product} {ergonomic}
     uint ConcGCThreads                            = 2                                         {product} {ergonomic}
     uint G1ConcRefinementThreads                  = 8                                         {product} {ergonomic}
   size_t G1HeapRegionSize                         = 1048576                                   {product} {ergonomic}
    uintx GCDrainStackTargetSize                   = 64                                        {product} {ergonomic}
   size_t InitialHeapSize                          = 98566144                                  {product} {ergonomic}
   size_t MarkStackSize                            = 4194304                                   {product} {ergonomic}
   size_t MaxHeapSize                              = 2147483648                                {product} {command line}
   size_t MaxNewSize                               = 1287651328                                {product} {ergonomic}
   size_t MinHeapDeltaBytes                        = 1048576                                   {product} {ergonomic}
   size_t MinHeapSize                              = 8388608                                   {product} {ergonomic}
    uintx NonNMethodCodeHeapSize                   = 5839372                                {pd product} {ergonomic}
    uintx NonProfiledCodeHeapSize                  = 122909434                              {pd product} {ergonomic}
    uintx ProfiledCodeHeapSize                     = 122909434                              {pd product} {ergonomic}
    uintx ReservedCodeCacheSize                    = 251658240                              {pd product} {ergonomic}
     bool SegmentedCodeCache                       = true                                      {product} {ergonomic}
   size_t SoftMaxHeapSize                          = 2147483648                             {manageable} {ergonomic}
     bool UseCompressedClassPointers               = true                           {product lp64_product} {ergonomic}
     bool UseCompressedOops                        = true                           {product lp64_product} {ergonomic}
     bool UseG1GC                                  = true                                      {product} {ergonomic}
     bool UseLargePagesIndividualAllocation        = false                                  {pd product} {ergonomic}

Logging:
Log output configuration:
 #0: stdout all=warning uptime,level,tags
 #1: stderr all=off uptime,level,tags

Environment Variables:
PATH=C:\Program Files\Common Files\Oracle\Java\javapath;C:\WINDOWS\system32;C:\WINDOWS;C:\WINDOWS\System32\Wbem;C:\WINDOWS\System32\WindowsPowerShell\v1.0\;C:\WINDOWS\System32\OpenSSH\;C:\Program Files\Cloudflare\Cloudflare WARP\;C:\Program Files\dotnet\;C:\Program Files\Git\cmd;C:\Program Files (x86)\Windows Kits\10\Windows Performance Toolkit\;C:\msys64\ucrt64\bin;C:\Users\Windows\.dotnet\tools
USERNAME=Windows
OS=Windows_NT
PROCESSOR_IDENTIFIER=AMD64 Family 23 Model 160 Stepping 0, AuthenticAMD
TMP=C:\Users\Windows\AppData\Local\Temp
TEMP=C:\Users\Windows\AppData\Local\Temp



Periodic native trim disabled

JNI global refs:
JNI global refs: 28, weak refs: 6

JNI global refs memory usage: 843, weak refs: 841

Process memory usage:
Resident Set Size: 237276K (3% of 6108668K total physical memory with 246836K free physical memory)

OOME stack traces (most recent first):
Classloader memory used:
Loader org.gradle.internal.classloader.VisitableURLClassLoader                         : 3749K
Loader bootstrap                                                                       : 1939K
Loader org.gradle.initialization.MixInLegacyTypesClassLoader                           : 1287K
Loader org.gradle.internal.classloader.VisitableURLClassLoader$InstrumentingVisitableURLClassLoader: 663K
Loader jdk.internal.loader.ClassLoaders$PlatformClassLoader                            : 101922B
Loader jdk.internal.reflect.DelegatingClassLoader                                      : 35134B
Loader jdk.internal.loader.ClassLoaders$AppClassLoader                                 : 28407B
Loader org.gradle.groovy.scripts.internal.DefaultScriptCompilationHandler$ScriptClassLoader: 25958B
Loader org.gradle.internal.classloader.VisitableURLClassLoader                         : 4160B
Loader org.codehaus.groovy.runtime.callsite.CallSiteClassLoader                        : 3248B

Classes loaded by more than one classloader:
Class org.gradle.internal.installation.GradleInstallation                             : loaded 2 times (x 73B)
Class com.google.common.collect.Iterators$MergingIterator                             : loaded 2 times (x 79B)
Class [Lcom.google.common.collect.AbstractMapEntry;                                   : loaded 2 times (x 67B)
Class com.google.common.collect.SingletonImmutableList                                : loaded 2 times (x 167B)
Class com.google.common.cache.CacheLoader$SupplierToCacheLoader                       : loaded 2 times (x 73B)
Class org.gradle.internal.classpath.ClassPath                                         : loaded 2 times (x 68B)
Class com.google.common.cache.RemovalListener                                         : loaded 2 times (x 68B)
Class settings_e1aekwpqae9kli82fo7qf63v5                                              : loaded 2 times (x 177B)
Class org.gradle.api.internal.classpath.DefaultModuleRegistry                         : loaded 2 times (x 84B)
Class com.google.common.collect.ListMultimap                                          : loaded 2 times (x 68B)
Class com.google.common.base.CharMatcher$JavaDigit                                    : loaded 2 times (x 109B)
Class com.google.common.base.CharMatcher$Digit                                        : loaded 2 times (x 110B)
Class com.google.common.collect.AbstractMultimap                                      : loaded 2 times (x 121B)
Class com.google.common.cache.CacheBuilder$OneWeigher                                 : loaded 2 times (x 80B)
Class org.gradle.api.Action                                                           : loaded 2 times (x 68B)
Class com.google.common.collect.ImmutableEntry                                        : loaded 2 times (x 80B)
Class com.google.common.collect.Lists$StringAsImmutableList                           : loaded 2 times (x 167B)
Class com.google.common.base.CharMatcher                                              : loaded 2 times (x 109B)
Class ijKotlinCoroutineJvmDebugInit1_1vchdr258jemm27xvue68m2k7$_run_closure1          : loaded 2 times (x 137B)
Class com.google.common.base.CharMatcher$IsNot                                        : loaded 2 times (x 109B)
Class com.google.common.base.Splitter                                                 : loaded 2 times (x 70B)
Class [Lcom.google.common.cache.Weigher;                                              : loaded 2 times (x 67B)
Class com.google.common.collect.Iterators$ArrayItr                                    : loaded 2 times (x 95B)
Class com.google.common.cache.LocalCache$Segment                                      : loaded 2 times (x 152B)
Class org.gradle.api.internal.DefaultClassPathProvider                                : loaded 2 times (x 74B)
Class org.gradle.internal.installation.GradleInstallation$1                           : loaded 2 times (x 73B)
Class com.google.common.base.CharMatcher$BitSetMatcher                                : loaded 2 times (x 110B)
Class com.google.common.collect.ImmutableMap$IteratorBasedImmutableMap                : loaded 2 times (x 123B)
Class com.google.common.collect.ImmutableMap                                          : loaded 2 times (x 118B)
Class com.google.common.base.Converter                                                : loaded 2 times (x 88B)
Class com.google.common.collect.ImmutableSet$EmptySetBuilderImpl                      : loaded 2 times (x 74B)
Class com.google.common.base.Equivalence                                              : loaded 2 times (x 80B)
Class com.google.common.cache.LocalCache$EntryFactory$1                               : loaded 2 times (x 81B)
Class com.google.common.cache.LocalCache$EntryFactory$2                               : loaded 2 times (x 81B)
Class com.google.common.cache.LocalCache$EntryFactory$3                               : loaded 2 times (x 81B)
Class com.google.common.cache.LocalCache$EntryFactory$4                               : loaded 2 times (x 81B)
Class com.google.common.cache.LocalCache$EntryFactory$5                               : loaded 2 times (x 81B)
Class com.google.common.cache.LocalCache$EntryFactory$6                               : loaded 2 times (x 81B)
Class com.google.common.cache.LocalCache$EntryFactory$7                               : loaded 2 times (x 81B)
Class com.google.common.cache.LocalCache$EntryFactory$8                               : loaded 2 times (x 81B)
Class com.google.common.base.Predicate                                                : loaded 2 times (x 68B)
Class org.gradle.internal.classloader.FilteringClassLoader                            : loaded 2 times (x 103B)
Class com.google.common.collect.RegularImmutableSet                                   : loaded 2 times (x 146B)
Class [Lcom.google.common.cache.LocalCache$Strength;                                  : loaded 2 times (x 67B)
Class org.gradle.internal.classpath.DefaultClassPath$ImmutableUniqueList$Builder      : loaded 2 times (x 73B)
Class com.google.common.collect.Maps$8                                                : loaded 2 times (x 80B)
Class [Lcom.google.common.cache.CacheBuilder$NullListener;                            : loaded 2 times (x 67B)
Class com.google.common.base.PatternCompiler                                          : loaded 2 times (x 68B)
Class com.google.common.base.CharMatcher$InRange                                      : loaded 2 times (x 109B)
Class com.google.common.collect.BiMap                                                 : loaded 2 times (x 68B)
Class com.google.common.collect.Lists                                                 : loaded 2 times (x 69B)
Class com.google.common.math.IntMath$1                                                : loaded 2 times (x 69B)
Class org.gradle.internal.classloader.ClassLoaderVisitor                              : loaded 2 times (x 74B)
Class com.google.common.cache.CacheBuilder$NullListener                               : loaded 2 times (x 80B)
Class com.google.common.math.MathPreconditions                                        : loaded 2 times (x 69B)
Class org.gradle.internal.service.DefaultServiceLocator                               : loaded 2 times (x 81B)
Class org.gradle.internal.service.UnknownServiceException                             : loaded 2 times (x 81B)
Class com.google.common.collect.ArrayListMultimap                                     : loaded 2 times (x 170B)
Class com.google.common.base.Strings                                                  : loaded 2 times (x 69B)
Class com.google.common.cache.CacheLoader$InvalidCacheLoadException                   : loaded 2 times (x 80B)
Class org.gradle.internal.classloader.DefaultClassLoaderFactory                       : loaded 2 times (x 80B)
Class com.google.common.collect.UnmodifiableIterator                                  : loaded 2 times (x 78B)
Class com.google.common.base.Platform$JdkPatternCompiler                              : loaded 2 times (x 73B)
Class com.google.common.cache.LocalCache$LoadingValueReference                        : loaded 2 times (x 94B)
Class com.google.common.base.CharMatcher$SingleWidth                                  : loaded 2 times (x 110B)
Class com.google.common.collect.Hashing                                               : loaded 2 times (x 69B)
Class com.google.common.base.JdkPattern                                               : loaded 2 times (x 73B)
Class com.google.common.collect.Multimap                                              : loaded 2 times (x 68B)
Class com.google.common.base.FunctionalEquivalence                                    : loaded 2 times (x 81B)
Class com.google.common.cache.LocalCache$1                                            : loaded 2 times (x 87B)
Class com.google.common.cache.LocalCache$2                                            : loaded 2 times (x 140B)
Class com.google.common.collect.RegularImmutableBiMap                                 : loaded 2 times (x 146B)
Class org.gradle.internal.classloader.VisitableURLClassLoader$Spec                    : loaded 2 times (x 72B)
Class org.gradle.api.GradleException                                                  : loaded 2 times (x 80B)
Class com.google.common.base.CharMatcher$JavaLetterOrDigit                            : loaded 2 times (x 109B)
Class org.gradle.api.internal.classpath.ModuleRegistry                                : loaded 2 times (x 68B)
Class com.google.common.collect.ForwardingObject                                      : loaded 2 times (x 70B)
Class com.google.common.cache.CacheBuilder                                            : loaded 2 times (x 70B)
Class com.google.common.collect.ImmutableCollection                                   : loaded 2 times (x 123B)
Class com.google.common.base.PairwiseEquivalence                                      : loaded 2 times (x 81B)
Class com.google.common.base.Ticker                                                   : loaded 2 times (x 70B)
Class org.gradle.api.internal.ClassPathProvider                                       : loaded 2 times (x 68B)
Class com.google.common.collect.RegularImmutableMap$Values                            : loaded 2 times (x 167B)
Class org.gradle.internal.classloader.ClasspathUtil$1                                 : loaded 2 times (x 74B)
Class com.google.common.collect.ImmutableEnumMap                                      : loaded 2 times (x 123B)
Class settings_e1aekwpqae9kli82fo7qf63v5$_run_closure1                                : loaded 2 times (x 137B)
Class com.google.common.collect.ForwardingMap                                         : loaded 2 times (x 130B)
Class com.google.common.collect.ImmutableList$ReverseImmutableList                    : loaded 2 times (x 168B)
Class com.google.common.cache.AbstractCache$StatsCounter                              : loaded 2 times (x 68B)
Class com.google.common.cache.LocalCache$Strength$1                                   : loaded 2 times (x 79B)
Class com.google.common.cache.LocalCache$Strength$2                                   : loaded 2 times (x 79B)
Class com.google.common.cache.LocalCache$Strength$3                                   : loaded 2 times (x 79B)
Class org.gradle.internal.classloader.ClassLoaderFactory                              : loaded 2 times (x 68B)
Class com.google.common.collect.ObjectArrays                                          : loaded 2 times (x 69B)
Class com.google.common.collect.Iterators$10                                          : loaded 2 times (x 79B)
Class com.google.common.collect.ImmutableList                                         : loaded 2 times (x 166B)
Class org.gradle.api.internal.classpath.ManifestUtil                                  : loaded 2 times (x 69B)
Class org.gradle.api.specs.Spec                                                       : loaded 2 times (x 68B)
Class com.google.common.cache.CacheLoader$UnsupportedLoadingOperationException        : loaded 2 times (x 80B)
Class com.google.common.base.CharMatcher$Whitespace                                   : loaded 2 times (x 110B)
Class com.google.common.collect.Iterators$1                                           : loaded 2 times (x 79B)
Class com.google.common.collect.Iterators$4                                           : loaded 2 times (x 80B)
Class com.google.common.collect.RegularImmutableMap$BucketOverflowException           : loaded 2 times (x 80B)
Class com.google.common.collect.Iterators$5                                           : loaded 2 times (x 80B)
Class com.google.common.base.Equivalence$Equals                                       : loaded 2 times (x 80B)
Class com.google.common.base.Preconditions                                            : loaded 2 times (x 69B)
Class com.google.common.base.Function                                                 : loaded 2 times (x 68B)
Class com.google.common.collect.Iterators$9                                           : loaded 2 times (x 79B)
Class org.gradle.internal.IoActions                                                   : loaded 2 times (x 69B)
Class com.google.common.cache.ReferenceEntry                                          : loaded 2 times (x 68B)
Class com.google.common.collect.RegularImmutableMap$KeySet                            : loaded 2 times (x 148B)
Class com.google.common.collect.CollectPreconditions                                  : loaded 2 times (x 69B)
Class com.google.common.collect.Maps                                                  : loaded 2 times (x 69B)
Class com.google.common.collect.RegularImmutableMap                                   : loaded 2 times (x 119B)
Class ijKotlinCoroutineJvmDebugInit1_1vchdr258jemm27xvue68m2k7                        : loaded 2 times (x 177B)
Class com.google.common.collect.AbstractIndexedListIterator                           : loaded 2 times (x 94B)
Class com.google.common.base.CharMatcher$None                                         : loaded 2 times (x 110B)
Class org.gradle.api.internal.classpath.EffectiveClassPath                            : loaded 2 times (x 88B)
Class com.google.common.collect.UnmodifiableListIterator                              : loaded 2 times (x 93B)
Class com.google.common.cache.CacheLoader$FunctionToCacheLoader                       : loaded 2 times (x 73B)
Class com.google.common.cache.CacheBuilder$1                                          : loaded 2 times (x 83B)
Class com.google.common.cache.CacheBuilder$2                                          : loaded 2 times (x 70B)
Class com.google.common.collect.ImmutableList$1                                       : loaded 2 times (x 95B)
Class com.google.common.base.Splitter$Strategy                                        : loaded 2 times (x 68B)
Class com.google.common.collect.ImmutableMapEntrySet$RegularEntrySet                  : loaded 2 times (x 149B)
Class [Lcom.google.common.cache.RemovalListener;                                      : loaded 2 times (x 67B)
Class [Lcom.google.common.collect.ImmutableMapEntry;                                  : loaded 2 times (x 67B)
Class org.gradle.internal.installation.CurrentGradleInstallation                      : loaded 2 times (x 71B)
Class org.gradle.internal.agents.InstrumentingClassLoader                             : loaded 2 times (x 68B)
Class org.gradle.internal.installation.CurrentGradleInstallationLocator               : loaded 2 times (x 69B)
Class [Lcom.google.common.cache.LocalCache$Segment;                                   : loaded 2 times (x 67B)
Class org.gradle.api.internal.classpath.Module                                        : loaded 2 times (x 68B)
Class com.google.common.base.Splitter$1$1                                             : loaded 2 times (x 84B)
Class com.google.common.collect.ImmutableSet$JdkBackedSetBuilderImpl                  : loaded 2 times (x 74B)
Class com.google.common.collect.ImmutableSet$RegularSetBuilderImpl                    : loaded 2 times (x 75B)
Class org.gradle.internal.service.CachingServiceLocator                               : loaded 2 times (x 80B)
Class ijJvmDebugger1_9j3nrmc8mu12rait9kf68he5r$_run_closure1$_closure2                : loaded 2 times (x 138B)
Class [Lcom.google.common.collect.ImmutableEntry;                                     : loaded 2 times (x 67B)
Class org.gradle.internal.classpath.DefaultClassPath                                  : loaded 2 times (x 88B)
Class com.google.common.base.Splitter$SplittingIterator                               : loaded 2 times (x 82B)
Class com.google.common.cache.LocalCache$LocalManualCache$1                           : loaded 2 times (x 73B)
Class [Lcom.google.common.cache.LocalCache$EntryFactory;                              : loaded 2 times (x 67B)
Class com.google.common.base.CharMatcher$Is                                           : loaded 2 times (x 109B)
Class com.google.common.base.Platform                                                 : loaded 2 times (x 69B)
Class com.google.common.collect.RegularImmutableAsList                                : loaded 2 times (x 176B)
Class com.google.common.collect.PeekingIterator                                       : loaded 2 times (x 68B)
Class com.google.common.collect.ImmutableMapEntrySet                                  : loaded 2 times (x 149B)
Class com.google.common.cache.CacheLoader                                             : loaded 2 times (x 72B)
Class com.google.common.collect.ImmutableBiMapFauxverideShim                          : loaded 2 times (x 118B)
Class com.google.common.cache.Cache                                                   : loaded 2 times (x 68B)
Class org.gradle.internal.classloader.SystemClassLoaderSpec                           : loaded 2 times (x 69B)
Class ijJvmDebugger1_9j3nrmc8mu12rait9kf68he5r                                        : loaded 2 times (x 177B)
Class com.google.common.collect.SingletonImmutableSet                                 : loaded 2 times (x 144B)
Class [Lcom.google.common.base.AbstractIterator$State;                                : loaded 2 times (x 67B)
Class com.google.common.collect.ImmutableMap$Builder                                  : loaded 2 times (x 80B)
Class com.google.common.base.AbstractIterator                                         : loaded 2 times (x 78B)
Class com.google.common.base.AbstractIterator$1                                       : loaded 2 times (x 69B)
Class [Lcom.google.common.cache.CacheBuilder$OneWeigher;                              : loaded 2 times (x 67B)
Class com.google.common.collect.Iterators                                             : loaded 2 times (x 69B)
Class com.google.common.base.CharMatcher$1                                            : loaded 2 times (x 111B)
Class com.google.common.base.CharMatcher$Ascii                                        : loaded 2 times (x 110B)
Class com.google.common.cache.LocalCache$ComputingValueReference                      : loaded 2 times (x 94B)
Class org.gradle.api.UncheckedIOException                                             : loaded 2 times (x 80B)
Class com.google.common.base.CharMatcher$And                                          : loaded 2 times (x 110B)
Class com.google.common.collect.IndexedImmutableSet                                   : loaded 2 times (x 148B)
Class com.google.common.collect.AbstractListMultimap                                  : loaded 2 times (x 170B)
Class com.google.common.base.CharMatcher$Any                                          : loaded 2 times (x 110B)
Class com.google.common.cache.LocalCache$Strength                                     : loaded 2 times (x 79B)
Class com.google.common.collect.ArrayListMultimapGwtSerializationDependencies         : loaded 2 times (x 170B)
Class com.google.common.base.CharMatcher$RangesMatcher                                : loaded 2 times (x 110B)
Class com.google.common.collect.ImmutableList$SubList                                 : loaded 2 times (x 168B)
Class com.google.common.cache.LocalCache$ValueReference                               : loaded 2 times (x 68B)
Class org.gradle.internal.classloader.ClasspathUtil                                   : loaded 2 times (x 69B)
Class com.google.common.base.Splitter$1                                               : loaded 2 times (x 75B)
Class com.google.common.base.Ticker$1                                                 : loaded 2 times (x 70B)
Class com.google.common.collect.Maps$BiMapConverter                                   : loaded 2 times (x 88B)
Class org.gradle.api.internal.DefaultClassPathRegistry                                : loaded 2 times (x 74B)
Class com.google.common.collect.ImmutableSet$SetBuilderImpl                           : loaded 2 times (x 74B)
Class org.gradle.api.internal.classpath.DefaultModuleRegistry$DefaultModule           : loaded 2 times (x 84B)
Class com.google.common.base.CharMatcher$JavaIsoControl                               : loaded 2 times (x 110B)
Class com.google.common.collect.ImmutableMap$1                                        : loaded 2 times (x 79B)
Class com.google.common.base.CharMatcher$Or                                           : loaded 2 times (x 110B)
Class settings_e1aekwpqae9kli82fo7qf63v5$_run_closure1$_closure2                      : loaded 2 times (x 137B)
Class com.google.common.base.Suppliers$SupplierOfInstance                             : loaded 2 times (x 77B)
Class com.google.common.collect.Iterables                                             : loaded 2 times (x 69B)
Class com.google.common.base.CharMatcher$JavaLowerCase                                : loaded 2 times (x 109B)
Class org.gradle.api.internal.classpath.UnknownModuleException                        : loaded 2 times (x 80B)
Class com.google.common.collect.Maps$EntryTransformer                                 : loaded 2 times (x 68B)
Class com.google.common.collect.ImmutableCollection$Builder                           : loaded 2 times (x 74B)
Class com.google.common.collect.SingletonImmutableBiMap                               : loaded 2 times (x 141B)
Class com.google.common.base.CommonPattern                                            : loaded 2 times (x 72B)
Class com.google.common.base.Suppliers                                                : loaded 2 times (x 69B)
Class com.google.common.cache.LoadingCache                                            : loaded 2 times (x 68B)
Class org.gradle.internal.service.ServiceLookupException                              : loaded 2 times (x 80B)
Class org.gradle.cache.GlobalCache                                                    : loaded 2 times (x 68B)
Class com.google.common.base.CharMatcher$NegatedFastMatcher                           : loaded 2 times (x 111B)
Class [Lorg.gradle.api.internal.ClassPathProvider;                                    : loaded 2 times (x 67B)
Class org.gradle.util.internal.GUtil                                                  : loaded 2 times (x 69B)
Class com.google.common.math.IntMath                                                  : loaded 2 times (x 69B)
Class com.google.common.collect.AbstractIterator                                      : loaded 2 times (x 80B)
Class ijKotlinCoroutineJvmDebugInit1_1vchdr258jemm27xvue68m2k7$_run_closure1$_closure2: loaded 2 times (x 137B)
Class org.gradle.internal.classloader.ClassLoaderSpec                                 : loaded 2 times (x 69B)
Class com.google.common.base.NullnessCasts                                            : loaded 2 times (x 69B)
Class com.google.common.cache.LocalCache$LocalManualCache                             : loaded 2 times (x 97B)
Class com.google.common.collect.AbstractMapEntry                                      : loaded 2 times (x 79B)
Class com.google.common.base.CharMatcher$Negated                                      : loaded 2 times (x 111B)
Class com.google.common.cache.CacheLoader$1                                           : loaded 2 times (x 73B)
Class com.google.common.collect.ImmutableSet$Builder                                  : loaded 2 times (x 83B)
Class com.google.common.base.CharMatcher$ForPredicate                                 : loaded 2 times (x 110B)
Class com.google.common.collect.ImmutableMap$MapViewOfValuesAsSingletonSets           : loaded 2 times (x 123B)
Class com.google.common.base.MoreObjects                                              : loaded 2 times (x 69B)
Class com.google.common.collect.SortedMapDifference                                   : loaded 2 times (x 68B)
Class com.google.common.cache.CacheStats                                              : loaded 2 times (x 69B)
Class org.gradle.internal.classloader.VisitableURLClassLoader                         : loaded 2 times (x 115B)
Class com.google.common.cache.LocalCache$LocalLoadingCache                            : loaded 2 times (x 132B)
Class com.google.common.base.Supplier                                                 : loaded 2 times (x 68B)
Class com.google.common.collect.ImmutableBiMap                                        : loaded 2 times (x 141B)
Class org.gradle.internal.Cast                                                        : loaded 2 times (x 69B)
Class org.gradle.api.internal.ClassPathRegistry                                       : loaded 2 times (x 68B)
Class com.google.common.cache.LocalCache$EntryFactory                                 : loaded 2 times (x 81B)
Class com.google.common.util.concurrent.UncheckedExecutionException                   : loaded 2 times (x 80B)
Class com.google.common.collect.ImmutableSet                                          : loaded 2 times (x 143B)
Class org.gradle.internal.classloader.VisitableURLClassLoader$InstrumentingVisitableURLClassLoader: loaded 2 times (x 121B)
Class org.gradle.internal.classloader.ClassLoaderHierarchy                            : loaded 2 times (x 68B)
Class ijJvmDebugger1_9j3nrmc8mu12rait9kf68he5r$_run_closure1                          : loaded 2 times (x 137B)
Class com.google.common.base.AbstractIterator$State                                   : loaded 2 times (x 77B)
Class com.google.common.cache.Weigher                                                 : loaded 2 times (x 68B)
Class com.google.common.base.CharMatcher$NamedFastMatcher                             : loaded 2 times (x 110B)
Class org.gradle.internal.InternalTransformer                                         : loaded 2 times (x 68B)
Class org.gradle.internal.service.ServiceLocator                                      : loaded 2 times (x 68B)
Class com.google.common.collect.ImmutableMapEntry                                     : loaded 2 times (x 83B)
Class com.google.common.base.CharMatcher$Invisible                                    : loaded 2 times (x 110B)
Class com.google.common.base.CharMatcher$FastMatcher                                  : loaded 2 times (x 109B)
Class org.gradle.internal.classpath.DefaultClassPath$ImmutableUniqueList              : loaded 2 times (x 159B)
Class com.google.common.base.CharMatcher$JavaLetter                                   : loaded 2 times (x 109B)
Class org.gradle.internal.classpath.TransformedClassPath                              : loaded 2 times (x 94B)
Class com.google.common.collect.MapDifference                                         : loaded 2 times (x 68B)
Class com.google.common.collect.Platform                                              : loaded 2 times (x 69B)
Class com.google.common.collect.ImmutableAsList                                       : loaded 2 times (x 169B)
Class com.google.common.util.concurrent.ExecutionError                                : loaded 2 times (x 80B)
Class com.google.common.base.Equivalence$Identity                                     : loaded 2 times (x 80B)
Class com.google.common.base.CharMatcher$AnyOf                                        : loaded 2 times (x 110B)
Class com.google.common.base.CharMatcher$IsEither                                     : loaded 2 times (x 109B)
Class com.google.common.cache.LocalCache                                              : loaded 2 times (x 185B)
Class com.google.common.collect.RegularImmutableList                                  : loaded 2 times (x 172B)
Class com.google.common.base.CharMatcher$JavaUpperCase                                : loaded 2 times (x 109B)
Class com.google.common.collect.Multiset                                              : loaded 2 times (x 68B)
Class com.google.common.collect.ImmutableSet$CachingAsList                            : loaded 2 times (x 145B)
Class com.google.common.collect.ImmutableMapEntry$NonTerminalImmutableMapEntry        : loaded 2 times (x 83B)
Class com.google.common.collect.AbstractMapBasedMultimap                              : loaded 2 times (x 137B)


---------------  S Y S T E M  ---------------

OS:
 Windows 11 , 64 bit Build 26100 (10.0.26100.4768)
OS uptime: 22 days 23:02 hours
Hyper-V role detected

CPU: total 8 (initial active 8) (8 cores per cpu, 2 threads per core) family 23 model 160 stepping 0 microcode 0x8a00006, cx8, cmov, fxsr, ht, mmx, 3dnowpref, sse, sse2, sse3, ssse3, sse4a, sse4.1, sse4.2, popcnt, lzcnt, tsc, tscinvbit, avx, avx2, aes, clmul, bmi1, bmi2, adx, sha, fma, vzeroupper, clflush, clflushopt, hv
Processor Information for all 8 processors :
  Max Mhz: 2401, Current Mhz: 2401, Mhz Limit: 2401

Memory: 4k page, system-wide physical 5965M (237M free)
TotalPageFile size 18253M (AvailPageFile size 79M)
current process WorkingSet (physical memory assigned to process): 232M, peak: 265M
current process commit charge ("private bytes"): 346M, peak: 346M

vm_info: OpenJDK 64-Bit Server VM (17.0.14+1-b1367.22) for windows-amd64 JRE (17.0.14+1-b1367.22), built on 2025-01-30 by "builduser" with MS VC++ 16.10 / 16.11 (VS2019)

END.
